This file contains any messages produced by compilers while
running configure, to aid debugging if configure makes a mistake.

It was created by configure, which was
generated by GNU Autoconf 2.59.  Invocation command line was

  $ ./configure 

## --------- ##
## Platform. ##
## --------- ##

hostname = bruce.floodgap.com
uname -m = Power Macintosh
uname -r = 8.11.0
uname -s = Darwin
uname -v = Darwin Kernel Version 8.11.0: Wed Oct 10 18:26:00 PDT 2007; root:xnu-792.24.17~1/RELEASE_PPC

/usr/bin/uname -p = powerpc
/bin/uname -X     = unknown

/bin/arch              = unknown
/usr/bin/arch -k       = unknown
/usr/convex/getsysinfo = unknown
hostinfo               = Mach kernel version:
	 Darwin Kernel Version 8.11.0: Wed Oct 10 18:26:00 PDT 2007; root:xnu-792.24.17~1/RELEASE_PPC
Kernel configured for up to 4 processors.
4 processors are physically available.
Processor type: ppc970 (PowerPC 970)
Processors active: 0 1 2 3
Primary memory available: 16.00 gigabytes
Default processor set: 113 tasks, 372 threads, 4 processors
Load average: 1.32, Mach factor: 2.67
/bin/machine           = unknown
/usr/bin/oslevel       = unknown
/bin/universe          = unknown

PATH: /bin
PATH: /sbin
PATH: /usr/bin
PATH: /usr/sbin
PATH: /usr/texbin
PATH: /home/spectre/bin
PATH: /usr/local/bin
PATH: /opt/local/bin
PATH: /opt/local/sbin
PATH: /usr/local/texlive/2010basic/bin/universal-darwin
PATH: /usr/local/plan9/bin
PATH: /home/spectre/src/addon-sdk-1.14/bin


## ----------- ##
## Core tests. ##
## ----------- ##

configure:1362: checking for gcc
configure:1378: found /usr/bin/gcc
configure:1388: result: gcc
configure:1632: checking for C compiler version
configure:1635: gcc --version </dev/null >&5
powerpc-apple-darwin8-gcc-4.0.1 (GCC) 4.0.1 (Apple Computer, Inc. build 5370)
Copyright (C) 2005 Free Software Foundation, Inc.
This is free software; see the source for copying conditions.  There is NO
warranty; not even for MERCHANTABILITY or FITNESS FOR A PARTICULAR PURPOSE.

configure:1638: $? = 0
configure:1640: gcc -v </dev/null >&5
Using built-in specs.
Target: powerpc-apple-darwin8
Configured with: /var/tmp/gcc/gcc-5370~2/src/configure --disable-checking -enable-werror --prefix=/usr --mandir=/share/man --enable-languages=c,objc,c++,obj-c++ --program-transform-name=/^[cg][^.-]*$/s/$/-4.0/ --with-gxx-include-dir=/include/c++/4.0.0 --with-slibdir=/usr/lib --build=powerpc-apple-darwin8 --host=powerpc-apple-darwin8 --target=powerpc-apple-darwin8
Thread model: posix
gcc version 4.0.1 (Apple Computer, Inc. build 5370)
configure:1643: $? = 0
configure:1645: gcc -V </dev/null >&5
gcc: argument to `-V' is missing
configure:1648: $? = 1
configure:1671: checking for C compiler default output file name
configure:1674: gcc -force_cpusubtype_ALL -mmacosx-version-min=10.4 -arch i386 -arch ppc -isysroot /Developer/SDKs/MacOSX10.4u.sdk   conftest.c  >&5
configure:1677: $? = 0
configure:1723: result: a.out
configure:1728: checking whether the C compiler works
configure:1734: ./a.out
configure:1737: $? = 0
configure:1754: result: yes
configure:1761: checking whether we are cross compiling
configure:1763: result: no
configure:1766: checking for suffix of executables
configure:1768: gcc -o conftest -force_cpusubtype_ALL -mmacosx-version-min=10.4 -arch i386 -arch ppc -isysroot /Developer/SDKs/MacOSX10.4u.sdk   conftest.c  >&5
configure:1771: $? = 0
configure:1796: result: 
configure:1802: checking for suffix of object files
configure:1823: gcc -c -force_cpusubtype_ALL -mmacosx-version-min=10.4 -arch i386 -arch ppc -isysroot /Developer/SDKs/MacOSX10.4u.sdk  conftest.c >&5
configure:1826: $? = 0
configure:1848: result: o
configure:1852: checking whether we are using the GNU C compiler
configure:1876: gcc -c -force_cpusubtype_ALL -mmacosx-version-min=10.4 -arch i386 -arch ppc -isysroot /Developer/SDKs/MacOSX10.4u.sdk  conftest.c >&5
configure:1882: $? = 0
configure:1886: test -z 
			 || test ! -s conftest.err
configure:1889: $? = 0
configure:1892: test -s conftest.o
configure:1895: $? = 0
configure:1908: result: yes
configure:1914: checking whether gcc accepts -g
configure:1935: gcc -c -g  conftest.c >&5
configure:1941: $? = 0
configure:1945: test -z 
			 || test ! -s conftest.err
configure:1948: $? = 0
configure:1951: test -s conftest.o
configure:1954: $? = 0
configure:1965: result: yes
configure:1982: checking for gcc option to accept ANSI C
configure:2052: gcc  -c -force_cpusubtype_ALL -mmacosx-version-min=10.4 -arch i386 -arch ppc -isysroot /Developer/SDKs/MacOSX10.4u.sdk  conftest.c >&5
configure:2058: $? = 0
configure:2062: test -z 
			 || test ! -s conftest.err
configure:2065: $? = 0
configure:2068: test -s conftest.o
configure:2071: $? = 0
configure:2089: result: none needed
configure:2107: gcc -c -force_cpusubtype_ALL -mmacosx-version-min=10.4 -arch i386 -arch ppc -isysroot /Developer/SDKs/MacOSX10.4u.sdk  conftest.c >&5
conftest.c:2: error: parse error before 'me'
conftest.c:2: error: parse error before 'me'
lipo: can't figure out the architecture type of: /var/tmp//ccnUjhQ1.out
configure:2113: $? = 1
configure: failed program was:
| #ifndef __cplusplus
|   choke me
| #endif
configure:2284: checking for a BSD-compatible install
configure:2339: result: /usr/bin/install -c
configure:2350: checking whether ln -s works
configure:2354: result: yes
configure:2402: checking for ranlib
configure:2418: found /usr/bin/ranlib
configure:2429: result: ranlib
configure:2441: checking whether make sets $(MAKE)
configure:2461: result: yes
configure:2473: checking for main in -lm
configure:2497: gcc -o conftest -force_cpusubtype_ALL -mmacosx-version-min=10.4 -arch i386 -arch ppc -isysroot /Developer/SDKs/MacOSX10.4u.sdk   conftest.c -lm   >&5
configure:2503: $? = 0
configure:2507: test -z 
			 || test ! -s conftest.err
configure:2510: $? = 0
configure:2513: test -s conftest
configure:2516: $? = 0
configure:2529: result: yes
configure:2696: checking for connect
configure:2753: gcc -o conftest -force_cpusubtype_ALL -mmacosx-version-min=10.4 -arch i386 -arch ppc -isysroot /Developer/SDKs/MacOSX10.4u.sdk   conftest.c -lm  >&5
configure:2759: $? = 0
configure:2763: test -z 
			 || test ! -s conftest.err
configure:2766: $? = 0
configure:2769: test -s conftest
configure:2772: $? = 0
configure:2784: result: yes
configure:3192: checking for gethostname
configure:3249: gcc -o conftest -force_cpusubtype_ALL -mmacosx-version-min=10.4 -arch i386 -arch ppc -isysroot /Developer/SDKs/MacOSX10.4u.sdk   conftest.c -lm  >&5
configure:3255: $? = 0
configure:3259: test -z 
			 || test ! -s conftest.err
configure:3262: $? = 0
configure:3265: test -s conftest
configure:3268: $? = 0
configure:3280: result: yes
configure:3306: checking for re_comp in -lcompat
configure:3336: gcc -o conftest -force_cpusubtype_ALL -mmacosx-version-min=10.4 -arch i386 -arch ppc -isysroot /Developer/SDKs/MacOSX10.4u.sdk   conftest.c -lcompat  -lm  >&5
Binary file conftest.er1 matches
configure:3342: $? = 1
configure: failed program was:
| /* confdefs.h.  */
| 
| #define PACKAGE_NAME ""
| #define PACKAGE_TARNAME ""
| #define PACKAGE_VERSION ""
| #define PACKAGE_STRING ""
| #define PACKAGE_BUGREPORT ""
| #define HAVE_LIBM 1
| /* end confdefs.h.  */
| 
| /* Override any gcc2 internal prototype to avoid an error.  */
| #ifdef __cplusplus
| extern "C"
| #endif
| /* We use char because int might match the return type of a gcc2
|    builtin and then its argument prototype would still apply.  */
| char re_comp ();
| int
| main ()
| {
| re_comp ();
|   ;
|   return 0;
| }
configure:3368: result: no
configure:3377: checking for main in -lmalloc
configure:3401: gcc -o conftest -force_cpusubtype_ALL -mmacosx-version-min=10.4 -arch i386 -arch ppc -isysroot /Developer/SDKs/MacOSX10.4u.sdk   conftest.c -lmalloc  -lm  >&5
Binary file conftest.er1 matches
configure:3407: $? = 1
configure: failed program was:
| /* confdefs.h.  */
| 
| #define PACKAGE_NAME ""
| #define PACKAGE_TARNAME ""
| #define PACKAGE_VERSION ""
| #define PACKAGE_STRING ""
| #define PACKAGE_BUGREPORT ""
| #define HAVE_LIBM 1
| /* end confdefs.h.  */
| 
| 
| int
| main ()
| {
| main ();
|   ;
|   return 0;
| }
configure:3433: result: no
configure:3446: checking for main in -lcurses
configure:3470: gcc -o conftest -force_cpusubtype_ALL -mmacosx-version-min=10.4 -arch i386 -arch ppc -isysroot /Developer/SDKs/MacOSX10.4u.sdk   conftest.c -lcurses  -lm  >&5
configure:3476: $? = 0
configure:3480: test -z 
			 || test ! -s conftest.err
configure:3483: $? = 0
configure:3486: test -s conftest
configure:3489: $? = 0
configure:3502: result: yes
configure:3508: checking for main in -ltermcap
configure:3532: gcc -o conftest -force_cpusubtype_ALL -mmacosx-version-min=10.4 -arch i386 -arch ppc -isysroot /Developer/SDKs/MacOSX10.4u.sdk   conftest.c -ltermcap  -lm  >&5
configure:3538: $? = 0
configure:3542: test -z 
			 || test ! -s conftest.err
configure:3545: $? = 0
configure:3548: test -s conftest
configure:3551: $? = 0
configure:3564: result: yes
configure:3579: checking for dirent.h that defines DIR
configure:3603: gcc -c -force_cpusubtype_ALL -mmacosx-version-min=10.4 -arch i386 -arch ppc -isysroot /Developer/SDKs/MacOSX10.4u.sdk  conftest.c >&5
configure:3609: $? = 0
configure:3613: test -z 
			 || test ! -s conftest.err
configure:3616: $? = 0
configure:3619: test -s conftest.o
configure:3622: $? = 0
configure:3633: result: yes
configure:3646: checking for library containing opendir
configure:3676: gcc -o conftest -force_cpusubtype_ALL -mmacosx-version-min=10.4 -arch i386 -arch ppc -isysroot /Developer/SDKs/MacOSX10.4u.sdk   conftest.c -lm  >&5
configure:3682: $? = 0
configure:3686: test -z 
			 || test ! -s conftest.err
configure:3689: $? = 0
configure:3692: test -s conftest
configure:3695: $? = 0
configure:3765: result: none required
configure:3906: checking how to run the C preprocessor
configure:3941: gcc -E  conftest.c
configure:3947: $? = 0
configure:3979: gcc -E  conftest.c
conftest.c:11:28: error: ac_nonexistent.h: No such file or directory
configure:3985: $? = 1
configure: failed program was:
| /* confdefs.h.  */
| 
| #define PACKAGE_NAME ""
| #define PACKAGE_TARNAME ""
| #define PACKAGE_VERSION ""
| #define PACKAGE_STRING ""
| #define PACKAGE_BUGREPORT ""
| #define HAVE_LIBM 1
| #define HAVE_DIRENT_H 1
| /* end confdefs.h.  */
| #include <ac_nonexistent.h>
configure:4024: result: gcc -E
configure:4048: gcc -E  conftest.c
configure:4054: $? = 0
configure:4086: gcc -E  conftest.c
conftest.c:11:28: error: ac_nonexistent.h: No such file or directory
configure:4092: $? = 1
configure: failed program was:
| /* confdefs.h.  */
| 
| #define PACKAGE_NAME ""
| #define PACKAGE_TARNAME ""
| #define PACKAGE_VERSION ""
| #define PACKAGE_STRING ""
| #define PACKAGE_BUGREPORT ""
| #define HAVE_LIBM 1
| #define HAVE_DIRENT_H 1
| /* end confdefs.h.  */
| #include <ac_nonexistent.h>
configure:4136: checking for egrep
configure:4146: result: grep -E
configure:4151: checking for ANSI C header files
configure:4176: gcc -c -force_cpusubtype_ALL -mmacosx-version-min=10.4 -arch i386 -arch ppc -isysroot /Developer/SDKs/MacOSX10.4u.sdk  conftest.c >&5
configure:4182: $? = 0
configure:4186: test -z 
			 || test ! -s conftest.err
configure:4189: $? = 0
configure:4192: test -s conftest.o
configure:4195: $? = 0
configure:4284: gcc -o conftest -force_cpusubtype_ALL -mmacosx-version-min=10.4 -arch i386 -arch ppc -isysroot /Developer/SDKs/MacOSX10.4u.sdk   conftest.c -lm  >&5
conftest.c: In function 'main':
conftest.c:28: warning: incompatible implicit declaration of built-in function 'exit'
conftest.c: In function 'main':
conftest.c:28: warning: incompatible implicit declaration of built-in function 'exit'
configure:4287: $? = 0
configure:4289: ./conftest
configure:4292: $? = 0
configure:4307: result: yes
configure:4317: checking for sys/wait.h that is POSIX.1 compatible
configure:4348: gcc -c -force_cpusubtype_ALL -mmacosx-version-min=10.4 -arch i386 -arch ppc -isysroot /Developer/SDKs/MacOSX10.4u.sdk  conftest.c >&5
configure:4354: $? = 0
configure:4358: test -z 
			 || test ! -s conftest.err
configure:4361: $? = 0
configure:4364: test -s conftest.o
configure:4367: $? = 0
configure:4378: result: yes
configure:4402: checking for sys/types.h
configure:4418: gcc -c -force_cpusubtype_ALL -mmacosx-version-min=10.4 -arch i386 -arch ppc -isysroot /Developer/SDKs/MacOSX10.4u.sdk  conftest.c >&5
configure:4424: $? = 0
configure:4428: test -z 
			 || test ! -s conftest.err
configure:4431: $? = 0
configure:4434: test -s conftest.o
configure:4437: $? = 0
configure:4448: result: yes
configure:4402: checking for sys/stat.h
configure:4418: gcc -c -force_cpusubtype_ALL -mmacosx-version-min=10.4 -arch i386 -arch ppc -isysroot /Developer/SDKs/MacOSX10.4u.sdk  conftest.c >&5
configure:4424: $? = 0
configure:4428: test -z 
			 || test ! -s conftest.err
configure:4431: $? = 0
configure:4434: test -s conftest.o
configure:4437: $? = 0
configure:4448: result: yes
configure:4402: checking for stdlib.h
configure:4418: gcc -c -force_cpusubtype_ALL -mmacosx-version-min=10.4 -arch i386 -arch ppc -isysroot /Developer/SDKs/MacOSX10.4u.sdk  conftest.c >&5
configure:4424: $? = 0
configure:4428: test -z 
			 || test ! -s conftest.err
configure:4431: $? = 0
configure:4434: test -s conftest.o
configure:4437: $? = 0
configure:4448: result: yes
configure:4402: checking for string.h
configure:4418: gcc -c -force_cpusubtype_ALL -mmacosx-version-min=10.4 -arch i386 -arch ppc -isysroot /Developer/SDKs/MacOSX10.4u.sdk  conftest.c >&5
configure:4424: $? = 0
configure:4428: test -z 
			 || test ! -s conftest.err
configure:4431: $? = 0
configure:4434: test -s conftest.o
configure:4437: $? = 0
configure:4448: result: yes
configure:4402: checking for memory.h
configure:4418: gcc -c -force_cpusubtype_ALL -mmacosx-version-min=10.4 -arch i386 -arch ppc -isysroot /Developer/SDKs/MacOSX10.4u.sdk  conftest.c >&5
configure:4424: $? = 0
configure:4428: test -z 
			 || test ! -s conftest.err
configure:4431: $? = 0
configure:4434: test -s conftest.o
configure:4437: $? = 0
configure:4448: result: yes
configure:4402: checking for strings.h
configure:4418: gcc -c -force_cpusubtype_ALL -mmacosx-version-min=10.4 -arch i386 -arch ppc -isysroot /Developer/SDKs/MacOSX10.4u.sdk  conftest.c >&5
configure:4424: $? = 0
configure:4428: test -z 
			 || test ! -s conftest.err
configure:4431: $? = 0
configure:4434: test -s conftest.o
configure:4437: $? = 0
configure:4448: result: yes
configure:4402: checking for inttypes.h
configure:4418: gcc -c -force_cpusubtype_ALL -mmacosx-version-min=10.4 -arch i386 -arch ppc -isysroot /Developer/SDKs/MacOSX10.4u.sdk  conftest.c >&5
configure:4424: $? = 0
configure:4428: test -z 
			 || test ! -s conftest.err
configure:4431: $? = 0
configure:4434: test -s conftest.o
configure:4437: $? = 0
configure:4448: result: yes
configure:4402: checking for stdint.h
configure:4418: gcc -c -force_cpusubtype_ALL -mmacosx-version-min=10.4 -arch i386 -arch ppc -isysroot /Developer/SDKs/MacOSX10.4u.sdk  conftest.c >&5
configure:4424: $? = 0
configure:4428: test -z 
			 || test ! -s conftest.err
configure:4431: $? = 0
configure:4434: test -s conftest.o
configure:4437: $? = 0
configure:4448: result: yes
configure:4402: checking for unistd.h
configure:4418: gcc -c -force_cpusubtype_ALL -mmacosx-version-min=10.4 -arch i386 -arch ppc -isysroot /Developer/SDKs/MacOSX10.4u.sdk  conftest.c >&5
configure:4424: $? = 0
configure:4428: test -z 
			 || test ! -s conftest.err
configure:4431: $? = 0
configure:4434: test -s conftest.o
configure:4437: $? = 0
configure:4448: result: yes
configure:4487: checking for strings.h
configure:4492: result: yes
configure:4487: checking for string.h
configure:4492: result: yes
configure:4496: checking sys/param.h usability
configure:4508: gcc -c -force_cpusubtype_ALL -mmacosx-version-min=10.4 -arch i386 -arch ppc -isysroot /Developer/SDKs/MacOSX10.4u.sdk  conftest.c >&5
configure:4514: $? = 0
configure:4518: test -z 
			 || test ! -s conftest.err
configure:4521: $? = 0
configure:4524: test -s conftest.o
configure:4527: $? = 0
configure:4537: result: yes
configure:4541: checking sys/param.h presence
configure:4551: gcc -E  conftest.c
configure:4557: $? = 0
configure:4577: result: yes
configure:4612: checking for sys/param.h
configure:4619: result: yes
configure:4496: checking term.h usability
configure:4508: gcc -c -force_cpusubtype_ALL -mmacosx-version-min=10.4 -arch i386 -arch ppc -isysroot /Developer/SDKs/MacOSX10.4u.sdk  conftest.c >&5
configure:4514: $? = 0
configure:4518: test -z 
			 || test ! -s conftest.err
configure:4521: $? = 0
configure:4524: test -s conftest.o
configure:4527: $? = 0
configure:4537: result: yes
configure:4541: checking term.h presence
configure:4551: gcc -E  conftest.c
configure:4557: $? = 0
configure:4577: result: yes
configure:4612: checking for term.h
configure:4619: result: yes
configure:4496: checking re_comp.h usability
configure:4508: gcc -c -force_cpusubtype_ALL -mmacosx-version-min=10.4 -arch i386 -arch ppc -isysroot /Developer/SDKs/MacOSX10.4u.sdk  conftest.c >&5
conftest.c:60:21: error: re_comp.h: No such file or directory
conftest.c:60:21: error: re_comp.h: No such file or directory
lipo: can't figure out the architecture type of: /var/tmp//ccgg3KZv.out
configure:4514: $? = 1
configure: failed program was:
| /* confdefs.h.  */
| 
| #define PACKAGE_NAME ""
| #define PACKAGE_TARNAME ""
| #define PACKAGE_VERSION ""
| #define PACKAGE_STRING ""
| #define PACKAGE_BUGREPORT ""
| #define HAVE_LIBM 1
| #define HAVE_DIRENT_H 1
| #define STDC_HEADERS 1
| #define HAVE_SYS_WAIT_H 1
| #define HAVE_SYS_TYPES_H 1
| #define HAVE_SYS_STAT_H 1
| #define HAVE_STDLIB_H 1
| #define HAVE_STRING_H 1
| #define HAVE_MEMORY_H 1
| #define HAVE_STRINGS_H 1
| #define HAVE_INTTYPES_H 1
| #define HAVE_STDINT_H 1
| #define HAVE_UNISTD_H 1
| #define HAVE_STRINGS_H 1
| #define HAVE_STRING_H 1
| #define HAVE_SYS_PARAM_H 1
| #define HAVE_TERM_H 1
| /* end confdefs.h.  */
| #include <stdio.h>
| #if HAVE_SYS_TYPES_H
| # include <sys/types.h>
| #endif
| #if HAVE_SYS_STAT_H
| # include <sys/stat.h>
| #endif
| #if STDC_HEADERS
| # include <stdlib.h>
| # include <stddef.h>
| #else
| # if HAVE_STDLIB_H
| #  include <stdlib.h>
| # endif
| #endif
| #if HAVE_STRING_H
| # if !STDC_HEADERS && HAVE_MEMORY_H
| #  include <memory.h>
| # endif
| # include <string.h>
| #endif
| #if HAVE_STRINGS_H
| # include <strings.h>
| #endif
| #if HAVE_INTTYPES_H
| # include <inttypes.h>
| #else
| # if HAVE_STDINT_H
| #  include <stdint.h>
| # endif
| #endif
| #if HAVE_UNISTD_H
| # include <unistd.h>
| #endif
| #include <re_comp.h>
configure:4537: result: no
configure:4541: checking re_comp.h presence
configure:4551: gcc -E  conftest.c
conftest.c:26:21: error: re_comp.h: No such file or directory
configure:4557: $? = 1
configure: failed program was:
| /* confdefs.h.  */
| 
| #define PACKAGE_NAME ""
| #define PACKAGE_TARNAME ""
| #define PACKAGE_VERSION ""
| #define PACKAGE_STRING ""
| #define PACKAGE_BUGREPORT ""
| #define HAVE_LIBM 1
| #define HAVE_DIRENT_H 1
| #define STDC_HEADERS 1
| #define HAVE_SYS_WAIT_H 1
| #define HAVE_SYS_TYPES_H 1
| #define HAVE_SYS_STAT_H 1
| #define HAVE_STDLIB_H 1
| #define HAVE_STRING_H 1
| #define HAVE_MEMORY_H 1
| #define HAVE_STRINGS_H 1
| #define HAVE_INTTYPES_H 1
| #define HAVE_STDINT_H 1
| #define HAVE_UNISTD_H 1
| #define HAVE_STRINGS_H 1
| #define HAVE_STRING_H 1
| #define HAVE_SYS_PARAM_H 1
| #define HAVE_TERM_H 1
| /* end confdefs.h.  */
| #include <re_comp.h>
configure:4577: result: no
configure:4612: checking for re_comp.h
configure:4619: result: no
configure:4496: checking regex.h usability
configure:4508: gcc -c -force_cpusubtype_ALL -mmacosx-version-min=10.4 -arch i386 -arch ppc -isysroot /Developer/SDKs/MacOSX10.4u.sdk  conftest.c >&5
configure:4514: $? = 0
configure:4518: test -z 
			 || test ! -s conftest.err
configure:4521: $? = 0
configure:4524: test -s conftest.o
configure:4527: $? = 0
configure:4537: result: yes
configure:4541: checking regex.h presence
configure:4551: gcc -E  conftest.c
configure:4557: $? = 0
configure:4577: result: yes
configure:4612: checking for regex.h
configure:4619: result: yes
configure:4496: checking crypt.h usability
configure:4508: gcc -c -force_cpusubtype_ALL -mmacosx-version-min=10.4 -arch i386 -arch ppc -isysroot /Developer/SDKs/MacOSX10.4u.sdk  conftest.c >&5
conftest.c:61:19: error: crypt.h: No such file or directory
conftest.c:61:19: error: crypt.h: No such file or directory
lipo: can't figure out the architecture type of: /var/tmp//cc50CDS7.out
configure:4514: $? = 1
configure: failed program was:
| /* confdefs.h.  */
| 
| #define PACKAGE_NAME ""
| #define PACKAGE_TARNAME ""
| #define PACKAGE_VERSION ""
| #define PACKAGE_STRING ""
| #define PACKAGE_BUGREPORT ""
| #define HAVE_LIBM 1
| #define HAVE_DIRENT_H 1
| #define STDC_HEADERS 1
| #define HAVE_SYS_WAIT_H 1
| #define HAVE_SYS_TYPES_H 1
| #define HAVE_SYS_STAT_H 1
| #define HAVE_STDLIB_H 1
| #define HAVE_STRING_H 1
| #define HAVE_MEMORY_H 1
| #define HAVE_STRINGS_H 1
| #define HAVE_INTTYPES_H 1
| #define HAVE_STDINT_H 1
| #define HAVE_UNISTD_H 1
| #define HAVE_STRINGS_H 1
| #define HAVE_STRING_H 1
| #define HAVE_SYS_PARAM_H 1
| #define HAVE_TERM_H 1
| #define HAVE_REGEX_H 1
| /* end confdefs.h.  */
| #include <stdio.h>
| #if HAVE_SYS_TYPES_H
| # include <sys/types.h>
| #endif
| #if HAVE_SYS_STAT_H
| # include <sys/stat.h>
| #endif
| #if STDC_HEADERS
| # include <stdlib.h>
| # include <stddef.h>
| #else
| # if HAVE_STDLIB_H
| #  include <stdlib.h>
| # endif
| #endif
| #if HAVE_STRING_H
| # if !STDC_HEADERS && HAVE_MEMORY_H
| #  include <memory.h>
| # endif
| # include <string.h>
| #endif
| #if HAVE_STRINGS_H
| # include <strings.h>
| #endif
| #if HAVE_INTTYPES_H
| # include <inttypes.h>
| #else
| # if HAVE_STDINT_H
| #  include <stdint.h>
| # endif
| #endif
| #if HAVE_UNISTD_H
| # include <unistd.h>
| #endif
| #include <crypt.h>
configure:4537: result: no
configure:4541: checking crypt.h presence
configure:4551: gcc -E  conftest.c
conftest.c:27:19: error: crypt.h: No such file or directory
configure:4557: $? = 1
configure: failed program was:
| /* confdefs.h.  */
| 
| #define PACKAGE_NAME ""
| #define PACKAGE_TARNAME ""
| #define PACKAGE_VERSION ""
| #define PACKAGE_STRING ""
| #define PACKAGE_BUGREPORT ""
| #define HAVE_LIBM 1
| #define HAVE_DIRENT_H 1
| #define STDC_HEADERS 1
| #define HAVE_SYS_WAIT_H 1
| #define HAVE_SYS_TYPES_H 1
| #define HAVE_SYS_STAT_H 1
| #define HAVE_STDLIB_H 1
| #define HAVE_STRING_H 1
| #define HAVE_MEMORY_H 1
| #define HAVE_STRINGS_H 1
| #define HAVE_INTTYPES_H 1
| #define HAVE_STDINT_H 1
| #define HAVE_UNISTD_H 1
| #define HAVE_STRINGS_H 1
| #define HAVE_STRING_H 1
| #define HAVE_SYS_PARAM_H 1
| #define HAVE_TERM_H 1
| #define HAVE_REGEX_H 1
| /* end confdefs.h.  */
| #include <crypt.h>
configure:4577: result: no
configure:4612: checking for crypt.h
configure:4619: result: no
configure:4496: checking fcntl.h usability
configure:4508: gcc -c -force_cpusubtype_ALL -mmacosx-version-min=10.4 -arch i386 -arch ppc -isysroot /Developer/SDKs/MacOSX10.4u.sdk  conftest.c >&5
configure:4514: $? = 0
configure:4518: test -z 
			 || test ! -s conftest.err
configure:4521: $? = 0
configure:4524: test -s conftest.o
configure:4527: $? = 0
configure:4537: result: yes
configure:4541: checking fcntl.h presence
configure:4551: gcc -E  conftest.c
configure:4557: $? = 0
configure:4577: result: yes
configure:4612: checking for fcntl.h
configure:4619: result: yes
configure:4496: checking time.h usability
configure:4508: gcc -c -force_cpusubtype_ALL -mmacosx-version-min=10.4 -arch i386 -arch ppc -isysroot /Developer/SDKs/MacOSX10.4u.sdk  conftest.c >&5
configure:4514: $? = 0
configure:4518: test -z 
			 || test ! -s conftest.err
configure:4521: $? = 0
configure:4524: test -s conftest.o
configure:4527: $? = 0
configure:4537: result: yes
configure:4541: checking time.h presence
configure:4551: gcc -E  conftest.c
configure:4557: $? = 0
configure:4577: result: yes
configure:4612: checking for time.h
configure:4619: result: yes
configure:4496: checking ctype.h usability
configure:4508: gcc -c -force_cpusubtype_ALL -mmacosx-version-min=10.4 -arch i386 -arch ppc -isysroot /Developer/SDKs/MacOSX10.4u.sdk  conftest.c >&5
configure:4514: $? = 0
configure:4518: test -z 
			 || test ! -s conftest.err
configure:4521: $? = 0
configure:4524: test -s conftest.o
configure:4527: $? = 0
configure:4537: result: yes
configure:4541: checking ctype.h presence
configure:4551: gcc -E  conftest.c
configure:4557: $? = 0
configure:4577: result: yes
configure:4612: checking for ctype.h
configure:4619: result: yes
configure:4496: checking limits.h usability
configure:4508: gcc -c -force_cpusubtype_ALL -mmacosx-version-min=10.4 -arch i386 -arch ppc -isysroot /Developer/SDKs/MacOSX10.4u.sdk  conftest.c >&5
configure:4514: $? = 0
configure:4518: test -z 
			 || test ! -s conftest.err
configure:4521: $? = 0
configure:4524: test -s conftest.o
configure:4527: $? = 0
configure:4537: result: yes
configure:4541: checking limits.h presence
configure:4551: gcc -E  conftest.c
configure:4557: $? = 0
configure:4577: result: yes
configure:4612: checking for limits.h
configure:4619: result: yes
configure:4496: checking locale.h usability
configure:4508: gcc -c -force_cpusubtype_ALL -mmacosx-version-min=10.4 -arch i386 -arch ppc -isysroot /Developer/SDKs/MacOSX10.4u.sdk  conftest.c >&5
configure:4514: $? = 0
configure:4518: test -z 
			 || test ! -s conftest.err
configure:4521: $? = 0
configure:4524: test -s conftest.o
configure:4527: $? = 0
configure:4537: result: yes
configure:4541: checking locale.h presence
configure:4551: gcc -E  conftest.c
configure:4557: $? = 0
configure:4577: result: yes
configure:4612: checking for locale.h
configure:4619: result: yes
configure:4487: checking for sys/types.h
configure:4492: result: yes
configure:4487: checking for sys/stat.h
configure:4492: result: yes
configure:4496: checking sys/file.h usability
configure:4508: gcc -c -force_cpusubtype_ALL -mmacosx-version-min=10.4 -arch i386 -arch ppc -isysroot /Developer/SDKs/MacOSX10.4u.sdk  conftest.c >&5
configure:4514: $? = 0
configure:4518: test -z 
			 || test ! -s conftest.err
configure:4521: $? = 0
configure:4524: test -s conftest.o
configure:4527: $? = 0
configure:4537: result: yes
configure:4541: checking sys/file.h presence
configure:4551: gcc -E  conftest.c
configure:4557: $? = 0
configure:4577: result: yes
configure:4612: checking for sys/file.h
configure:4619: result: yes
configure:4496: checking sys/ioctl.h usability
configure:4508: gcc -c -force_cpusubtype_ALL -mmacosx-version-min=10.4 -arch i386 -arch ppc -isysroot /Developer/SDKs/MacOSX10.4u.sdk  conftest.c >&5
configure:4514: $? = 0
configure:4518: test -z 
			 || test ! -s conftest.err
configure:4521: $? = 0
configure:4524: test -s conftest.o
configure:4527: $? = 0
configure:4537: result: yes
configure:4541: checking sys/ioctl.h presence
configure:4551: gcc -E  conftest.c
configure:4557: $? = 0
configure:4577: result: yes
configure:4612: checking for sys/ioctl.h
configure:4619: result: yes
configure:4496: checking sys/time.h usability
configure:4508: gcc -c -force_cpusubtype_ALL -mmacosx-version-min=10.4 -arch i386 -arch ppc -isysroot /Developer/SDKs/MacOSX10.4u.sdk  conftest.c >&5
configure:4514: $? = 0
configure:4518: test -z 
			 || test ! -s conftest.err
configure:4521: $? = 0
configure:4524: test -s conftest.o
configure:4527: $? = 0
configure:4537: result: yes
configure:4541: checking sys/time.h presence
configure:4551: gcc -E  conftest.c
configure:4557: $? = 0
configure:4577: result: yes
configure:4612: checking for sys/time.h
configure:4619: result: yes
configure:4496: checking syslog.h usability
configure:4508: gcc -c -force_cpusubtype_ALL -mmacosx-version-min=10.4 -arch i386 -arch ppc -isysroot /Developer/SDKs/MacOSX10.4u.sdk  conftest.c >&5
configure:4514: $? = 0
configure:4518: test -z 
			 || test ! -s conftest.err
configure:4521: $? = 0
configure:4524: test -s conftest.o
configure:4527: $? = 0
configure:4537: result: yes
configure:4541: checking syslog.h presence
configure:4551: gcc -E  conftest.c
configure:4557: $? = 0
configure:4577: result: yes
configure:4612: checking for syslog.h
configure:4619: result: yes
configure:4487: checking for unistd.h
configure:4492: result: yes
configure:4496: checking malloc.h usability
configure:4508: gcc -c -force_cpusubtype_ALL -mmacosx-version-min=10.4 -arch i386 -arch ppc -isysroot /Developer/SDKs/MacOSX10.4u.sdk  conftest.c >&5
conftest.c:73:20: error: malloc.h: No such file or directory
conftest.c:73:20: error: malloc.h: No such file or directory
lipo: can't figure out the architecture type of: /var/tmp//cc3e9A7V.out
configure:4514: $? = 1
configure: failed program was:
| /* confdefs.h.  */
| 
| #define PACKAGE_NAME ""
| #define PACKAGE_TARNAME ""
| #define PACKAGE_VERSION ""
| #define PACKAGE_STRING ""
| #define PACKAGE_BUGREPORT ""
| #define HAVE_LIBM 1
| #define HAVE_DIRENT_H 1
| #define STDC_HEADERS 1
| #define HAVE_SYS_WAIT_H 1
| #define HAVE_SYS_TYPES_H 1
| #define HAVE_SYS_STAT_H 1
| #define HAVE_STDLIB_H 1
| #define HAVE_STRING_H 1
| #define HAVE_MEMORY_H 1
| #define HAVE_STRINGS_H 1
| #define HAVE_INTTYPES_H 1
| #define HAVE_STDINT_H 1
| #define HAVE_UNISTD_H 1
| #define HAVE_STRINGS_H 1
| #define HAVE_STRING_H 1
| #define HAVE_SYS_PARAM_H 1
| #define HAVE_TERM_H 1
| #define HAVE_REGEX_H 1
| #define HAVE_FCNTL_H 1
| #define HAVE_TIME_H 1
| #define HAVE_CTYPE_H 1
| #define HAVE_LIMITS_H 1
| #define HAVE_LOCALE_H 1
| #define HAVE_SYS_TYPES_H 1
| #define HAVE_SYS_STAT_H 1
| #define HAVE_SYS_FILE_H 1
| #define HAVE_SYS_IOCTL_H 1
| #define HAVE_SYS_TIME_H 1
| #define HAVE_SYSLOG_H 1
| #define HAVE_UNISTD_H 1
| /* end confdefs.h.  */
| #include <stdio.h>
| #if HAVE_SYS_TYPES_H
| # include <sys/types.h>
| #endif
| #if HAVE_SYS_STAT_H
| # include <sys/stat.h>
| #endif
| #if STDC_HEADERS
| # include <stdlib.h>
| # include <stddef.h>
| #else
| # if HAVE_STDLIB_H
| #  include <stdlib.h>
| # endif
| #endif
| #if HAVE_STRING_H
| # if !STDC_HEADERS && HAVE_MEMORY_H
| #  include <memory.h>
| # endif
| # include <string.h>
| #endif
| #if HAVE_STRINGS_H
| # include <strings.h>
| #endif
| #if HAVE_INTTYPES_H
| # include <inttypes.h>
| #else
| # if HAVE_STDINT_H
| #  include <stdint.h>
| # endif
| #endif
| #if HAVE_UNISTD_H
| # include <unistd.h>
| #endif
| #include <malloc.h>
configure:4537: result: no
configure:4541: checking malloc.h presence
configure:4551: gcc -E  conftest.c
conftest.c:39:20: error: malloc.h: No such file or directory
configure:4557: $? = 1
configure: failed program was:
| /* confdefs.h.  */
| 
| #define PACKAGE_NAME ""
| #define PACKAGE_TARNAME ""
| #define PACKAGE_VERSION ""
| #define PACKAGE_STRING ""
| #define PACKAGE_BUGREPORT ""
| #define HAVE_LIBM 1
| #define HAVE_DIRENT_H 1
| #define STDC_HEADERS 1
| #define HAVE_SYS_WAIT_H 1
| #define HAVE_SYS_TYPES_H 1
| #define HAVE_SYS_STAT_H 1
| #define HAVE_STDLIB_H 1
| #define HAVE_STRING_H 1
| #define HAVE_MEMORY_H 1
| #define HAVE_STRINGS_H 1
| #define HAVE_INTTYPES_H 1
| #define HAVE_STDINT_H 1
| #define HAVE_UNISTD_H 1
| #define HAVE_STRINGS_H 1
| #define HAVE_STRING_H 1
| #define HAVE_SYS_PARAM_H 1
| #define HAVE_TERM_H 1
| #define HAVE_REGEX_H 1
| #define HAVE_FCNTL_H 1
| #define HAVE_TIME_H 1
| #define HAVE_CTYPE_H 1
| #define HAVE_LIMITS_H 1
| #define HAVE_LOCALE_H 1
| #define HAVE_SYS_TYPES_H 1
| #define HAVE_SYS_STAT_H 1
| #define HAVE_SYS_FILE_H 1
| #define HAVE_SYS_IOCTL_H 1
| #define HAVE_SYS_TIME_H 1
| #define HAVE_SYSLOG_H 1
| #define HAVE_UNISTD_H 1
| /* end confdefs.h.  */
| #include <malloc.h>
configure:4577: result: no
configure:4612: checking for malloc.h
configure:4619: result: no
configure:4487: checking for stdlib.h
configure:4492: result: yes
configure:4496: checking libgen.h usability
configure:4508: gcc -c -force_cpusubtype_ALL -mmacosx-version-min=10.4 -arch i386 -arch ppc -isysroot /Developer/SDKs/MacOSX10.4u.sdk  conftest.c >&5
configure:4514: $? = 0
configure:4518: test -z 
			 || test ! -s conftest.err
configure:4521: $? = 0
configure:4524: test -s conftest.o
configure:4527: $? = 0
configure:4537: result: yes
configure:4541: checking libgen.h presence
configure:4551: gcc -E  conftest.c
configure:4557: $? = 0
configure:4577: result: yes
configure:4612: checking for libgen.h
configure:4619: result: yes
configure:4496: checking regexp.h usability
configure:4508: gcc -c -force_cpusubtype_ALL -mmacosx-version-min=10.4 -arch i386 -arch ppc -isysroot /Developer/SDKs/MacOSX10.4u.sdk  conftest.c >&5
conftest.c:75:20: error: regexp.h: No such file or directory
conftest.c:75:20: error: regexp.h: No such file or directory
lipo: can't figure out the architecture type of: /var/tmp//ccqS4aBf.out
configure:4514: $? = 1
configure: failed program was:
| /* confdefs.h.  */
| 
| #define PACKAGE_NAME ""
| #define PACKAGE_TARNAME ""
| #define PACKAGE_VERSION ""
| #define PACKAGE_STRING ""
| #define PACKAGE_BUGREPORT ""
| #define HAVE_LIBM 1
| #define HAVE_DIRENT_H 1
| #define STDC_HEADERS 1
| #define HAVE_SYS_WAIT_H 1
| #define HAVE_SYS_TYPES_H 1
| #define HAVE_SYS_STAT_H 1
| #define HAVE_STDLIB_H 1
| #define HAVE_STRING_H 1
| #define HAVE_MEMORY_H 1
| #define HAVE_STRINGS_H 1
| #define HAVE_INTTYPES_H 1
| #define HAVE_STDINT_H 1
| #define HAVE_UNISTD_H 1
| #define HAVE_STRINGS_H 1
| #define HAVE_STRING_H 1
| #define HAVE_SYS_PARAM_H 1
| #define HAVE_TERM_H 1
| #define HAVE_REGEX_H 1
| #define HAVE_FCNTL_H 1
| #define HAVE_TIME_H 1
| #define HAVE_CTYPE_H 1
| #define HAVE_LIMITS_H 1
| #define HAVE_LOCALE_H 1
| #define HAVE_SYS_TYPES_H 1
| #define HAVE_SYS_STAT_H 1
| #define HAVE_SYS_FILE_H 1
| #define HAVE_SYS_IOCTL_H 1
| #define HAVE_SYS_TIME_H 1
| #define HAVE_SYSLOG_H 1
| #define HAVE_UNISTD_H 1
| #define HAVE_STDLIB_H 1
| #define HAVE_LIBGEN_H 1
| /* end confdefs.h.  */
| #include <stdio.h>
| #if HAVE_SYS_TYPES_H
| # include <sys/types.h>
| #endif
| #if HAVE_SYS_STAT_H
| # include <sys/stat.h>
| #endif
| #if STDC_HEADERS
| # include <stdlib.h>
| # include <stddef.h>
| #else
| # if HAVE_STDLIB_H
| #  include <stdlib.h>
| # endif
| #endif
| #if HAVE_STRING_H
| # if !STDC_HEADERS && HAVE_MEMORY_H
| #  include <memory.h>
| # endif
| # include <string.h>
| #endif
| #if HAVE_STRINGS_H
| # include <strings.h>
| #endif
| #if HAVE_INTTYPES_H
| # include <inttypes.h>
| #else
| # if HAVE_STDINT_H
| #  include <stdint.h>
| # endif
| #endif
| #if HAVE_UNISTD_H
| # include <unistd.h>
| #endif
| #include <regexp.h>
configure:4537: result: no
configure:4541: checking regexp.h presence
configure:4551: gcc -E  conftest.c
conftest.c:41:20: error: regexp.h: No such file or directory
configure:4557: $? = 1
configure: failed program was:
| /* confdefs.h.  */
| 
| #define PACKAGE_NAME ""
| #define PACKAGE_TARNAME ""
| #define PACKAGE_VERSION ""
| #define PACKAGE_STRING ""
| #define PACKAGE_BUGREPORT ""
| #define HAVE_LIBM 1
| #define HAVE_DIRENT_H 1
| #define STDC_HEADERS 1
| #define HAVE_SYS_WAIT_H 1
| #define HAVE_SYS_TYPES_H 1
| #define HAVE_SYS_STAT_H 1
| #define HAVE_STDLIB_H 1
| #define HAVE_STRING_H 1
| #define HAVE_MEMORY_H 1
| #define HAVE_STRINGS_H 1
| #define HAVE_INTTYPES_H 1
| #define HAVE_STDINT_H 1
| #define HAVE_UNISTD_H 1
| #define HAVE_STRINGS_H 1
| #define HAVE_STRING_H 1
| #define HAVE_SYS_PARAM_H 1
| #define HAVE_TERM_H 1
| #define HAVE_REGEX_H 1
| #define HAVE_FCNTL_H 1
| #define HAVE_TIME_H 1
| #define HAVE_CTYPE_H 1
| #define HAVE_LIMITS_H 1
| #define HAVE_LOCALE_H 1
| #define HAVE_SYS_TYPES_H 1
| #define HAVE_SYS_STAT_H 1
| #define HAVE_SYS_FILE_H 1
| #define HAVE_SYS_IOCTL_H 1
| #define HAVE_SYS_TIME_H 1
| #define HAVE_SYSLOG_H 1
| #define HAVE_UNISTD_H 1
| #define HAVE_STDLIB_H 1
| #define HAVE_LIBGEN_H 1
| /* end confdefs.h.  */
| #include <regexp.h>
configure:4577: result: no
configure:4612: checking for regexp.h
configure:4619: result: no
configure:4633: checking for an ANSI C-conforming const
configure:4700: gcc -c -force_cpusubtype_ALL -mmacosx-version-min=10.4 -arch i386 -arch ppc -isysroot /Developer/SDKs/MacOSX10.4u.sdk  conftest.c >&5
configure:4706: $? = 0
configure:4710: test -z 
			 || test ! -s conftest.err
configure:4713: $? = 0
configure:4716: test -s conftest.o
configure:4719: $? = 0
configure:4730: result: yes
configure:4742: checking for size_t
configure:4766: gcc -c -force_cpusubtype_ALL -mmacosx-version-min=10.4 -arch i386 -arch ppc -isysroot /Developer/SDKs/MacOSX10.4u.sdk  conftest.c >&5
configure:4772: $? = 0
configure:4776: test -z 
			 || test ! -s conftest.err
configure:4779: $? = 0
configure:4782: test -s conftest.o
configure:4785: $? = 0
configure:4796: result: yes
configure:4808: checking whether time.h and sys/time.h may both be included
configure:4833: gcc -c -force_cpusubtype_ALL -mmacosx-version-min=10.4 -arch i386 -arch ppc -isysroot /Developer/SDKs/MacOSX10.4u.sdk  conftest.c >&5
configure:4839: $? = 0
configure:4843: test -z 
			 || test ! -s conftest.err
configure:4846: $? = 0
configure:4849: test -s conftest.o
configure:4852: $? = 0
configure:4863: result: yes
configure:4873: checking whether struct tm is in sys/time.h or time.h
configure:4896: gcc -c -force_cpusubtype_ALL -mmacosx-version-min=10.4 -arch i386 -arch ppc -isysroot /Developer/SDKs/MacOSX10.4u.sdk  conftest.c >&5
configure:4902: $? = 0
configure:4906: test -z 
			 || test ! -s conftest.err
configure:4909: $? = 0
configure:4912: test -s conftest.o
configure:4915: $? = 0
configure:4926: result: time.h
configure:4938: checking whether gcc needs -traditional
conftest.c:42:20: error: termio.h: No such file or directory
configure:4980: result: no
configure:4993: checking for stdlib.h
configure:4998: result: yes
configure:4993: checking for unistd.h
configure:4998: result: yes
configure:5142: checking for getpagesize
configure:5199: gcc -o conftest -force_cpusubtype_ALL -mmacosx-version-min=10.4 -arch i386 -arch ppc -isysroot /Developer/SDKs/MacOSX10.4u.sdk   conftest.c -lm  >&5
configure:5205: $? = 0
configure:5209: test -z 
			 || test ! -s conftest.err
configure:5212: $? = 0
configure:5215: test -s conftest
configure:5218: $? = 0
configure:5230: result: yes
configure:5240: checking for working mmap
configure:5382: gcc -o conftest -force_cpusubtype_ALL -mmacosx-version-min=10.4 -arch i386 -arch ppc -isysroot /Developer/SDKs/MacOSX10.4u.sdk   conftest.c -lm  >&5
configure:5385: $? = 0
configure:5387: ./conftest
configure:5390: $? = 0
configure:5404: result: yes
configure:5415: checking return type of signal handlers
configure:5446: gcc -c -force_cpusubtype_ALL -mmacosx-version-min=10.4 -arch i386 -arch ppc -isysroot /Developer/SDKs/MacOSX10.4u.sdk  conftest.c >&5
configure:5452: $? = 0
configure:5456: test -z 
			 || test ! -s conftest.err
configure:5459: $? = 0
configure:5462: test -s conftest.o
configure:5465: $? = 0
configure:5476: result: void
configure:5484: checking for working strcoll
configure:5510: gcc -o conftest -force_cpusubtype_ALL -mmacosx-version-min=10.4 -arch i386 -arch ppc -isysroot /Developer/SDKs/MacOSX10.4u.sdk   conftest.c -lm  >&5
configure:5513: $? = 0
configure:5515: ./conftest
configure:5518: $? = 0
configure:5532: result: yes
configure:5542: checking for pid_t
configure:5566: gcc -c -force_cpusubtype_ALL -mmacosx-version-min=10.4 -arch i386 -arch ppc -isysroot /Developer/SDKs/MacOSX10.4u.sdk  conftest.c >&5
configure:5572: $? = 0
configure:5576: test -z 
			 || test ! -s conftest.err
configure:5579: $? = 0
configure:5582: test -s conftest.o
configure:5585: $? = 0
configure:5596: result: yes
configure:5614: checking for unistd.h
configure:5619: result: yes
configure:5623: checking vfork.h usability
configure:5635: gcc -c -force_cpusubtype_ALL -mmacosx-version-min=10.4 -arch i386 -arch ppc -isysroot /Developer/SDKs/MacOSX10.4u.sdk  conftest.c >&5
conftest.c:83:19: error: vfork.h: No such file or directory
conftest.c:83:19: error: vfork.h: No such file or directory
lipo: can't figure out the architecture type of: /var/tmp//ccBtBQfl.out
configure:5641: $? = 1
configure: failed program was:
| /* confdefs.h.  */
| 
| #define PACKAGE_NAME ""
| #define PACKAGE_TARNAME ""
| #define PACKAGE_VERSION ""
| #define PACKAGE_STRING ""
| #define PACKAGE_BUGREPORT ""
| #define HAVE_LIBM 1
| #define HAVE_DIRENT_H 1
| #define STDC_HEADERS 1
| #define HAVE_SYS_WAIT_H 1
| #define HAVE_SYS_TYPES_H 1
| #define HAVE_SYS_STAT_H 1
| #define HAVE_STDLIB_H 1
| #define HAVE_STRING_H 1
| #define HAVE_MEMORY_H 1
| #define HAVE_STRINGS_H 1
| #define HAVE_INTTYPES_H 1
| #define HAVE_STDINT_H 1
| #define HAVE_UNISTD_H 1
| #define HAVE_STRINGS_H 1
| #define HAVE_STRING_H 1
| #define HAVE_SYS_PARAM_H 1
| #define HAVE_TERM_H 1
| #define HAVE_REGEX_H 1
| #define HAVE_FCNTL_H 1
| #define HAVE_TIME_H 1
| #define HAVE_CTYPE_H 1
| #define HAVE_LIMITS_H 1
| #define HAVE_LOCALE_H 1
| #define HAVE_SYS_TYPES_H 1
| #define HAVE_SYS_STAT_H 1
| #define HAVE_SYS_FILE_H 1
| #define HAVE_SYS_IOCTL_H 1
| #define HAVE_SYS_TIME_H 1
| #define HAVE_SYSLOG_H 1
| #define HAVE_UNISTD_H 1
| #define HAVE_STDLIB_H 1
| #define HAVE_LIBGEN_H 1
| #define TIME_WITH_SYS_TIME 1
| #define HAVE_STDLIB_H 1
| #define HAVE_UNISTD_H 1
| #define HAVE_GETPAGESIZE 1
| #define HAVE_MMAP 1
| #define RETSIGTYPE void
| #define HAVE_STRCOLL 1
| #define HAVE_UNISTD_H 1
| /* end confdefs.h.  */
| #include <stdio.h>
| #if HAVE_SYS_TYPES_H
| # include <sys/types.h>
| #endif
| #if HAVE_SYS_STAT_H
| # include <sys/stat.h>
| #endif
| #if STDC_HEADERS
| # include <stdlib.h>
| # include <stddef.h>
| #else
| # if HAVE_STDLIB_H
| #  include <stdlib.h>
| # endif
| #endif
| #if HAVE_STRING_H
| # if !STDC_HEADERS && HAVE_MEMORY_H
| #  include <memory.h>
| # endif
| # include <string.h>
| #endif
| #if HAVE_STRINGS_H
| # include <strings.h>
| #endif
| #if HAVE_INTTYPES_H
| # include <inttypes.h>
| #else
| # if HAVE_STDINT_H
| #  include <stdint.h>
| # endif
| #endif
| #if HAVE_UNISTD_H
| # include <unistd.h>
| #endif
| #include <vfork.h>
configure:5664: result: no
configure:5668: checking vfork.h presence
configure:5678: gcc -E  conftest.c
conftest.c:49:19: error: vfork.h: No such file or directory
configure:5684: $? = 1
configure: failed program was:
| /* confdefs.h.  */
| 
| #define PACKAGE_NAME ""
| #define PACKAGE_TARNAME ""
| #define PACKAGE_VERSION ""
| #define PACKAGE_STRING ""
| #define PACKAGE_BUGREPORT ""
| #define HAVE_LIBM 1
| #define HAVE_DIRENT_H 1
| #define STDC_HEADERS 1
| #define HAVE_SYS_WAIT_H 1
| #define HAVE_SYS_TYPES_H 1
| #define HAVE_SYS_STAT_H 1
| #define HAVE_STDLIB_H 1
| #define HAVE_STRING_H 1
| #define HAVE_MEMORY_H 1
| #define HAVE_STRINGS_H 1
| #define HAVE_INTTYPES_H 1
| #define HAVE_STDINT_H 1
| #define HAVE_UNISTD_H 1
| #define HAVE_STRINGS_H 1
| #define HAVE_STRING_H 1
| #define HAVE_SYS_PARAM_H 1
| #define HAVE_TERM_H 1
| #define HAVE_REGEX_H 1
| #define HAVE_FCNTL_H 1
| #define HAVE_TIME_H 1
| #define HAVE_CTYPE_H 1
| #define HAVE_LIMITS_H 1
| #define HAVE_LOCALE_H 1
| #define HAVE_SYS_TYPES_H 1
| #define HAVE_SYS_STAT_H 1
| #define HAVE_SYS_FILE_H 1
| #define HAVE_SYS_IOCTL_H 1
| #define HAVE_SYS_TIME_H 1
| #define HAVE_SYSLOG_H 1
| #define HAVE_UNISTD_H 1
| #define HAVE_STDLIB_H 1
| #define HAVE_LIBGEN_H 1
| #define TIME_WITH_SYS_TIME 1
| #define HAVE_STDLIB_H 1
| #define HAVE_UNISTD_H 1
| #define HAVE_GETPAGESIZE 1
| #define HAVE_MMAP 1
| #define RETSIGTYPE void
| #define HAVE_STRCOLL 1
| #define HAVE_UNISTD_H 1
| /* end confdefs.h.  */
| #include <vfork.h>
configure:5704: result: no
configure:5739: checking for vfork.h
configure:5746: result: no
configure:5764: checking for fork
configure:5821: gcc -o conftest -force_cpusubtype_ALL -mmacosx-version-min=10.4 -arch i386 -arch ppc -isysroot /Developer/SDKs/MacOSX10.4u.sdk   conftest.c -lm  >&5
conftest.c:73: warning: conflicting types for built-in function 'fork'
conftest.c:73: warning: conflicting types for built-in function 'fork'
configure:5827: $? = 0
configure:5831: test -z 
			 || test ! -s conftest.err
configure:5834: $? = 0
configure:5837: test -s conftest
configure:5840: $? = 0
configure:5852: result: yes
configure:5764: checking for vfork
configure:5821: gcc -o conftest -force_cpusubtype_ALL -mmacosx-version-min=10.4 -arch i386 -arch ppc -isysroot /Developer/SDKs/MacOSX10.4u.sdk   conftest.c -lm  >&5
configure:5827: $? = 0
configure:5831: test -z 
			 || test ! -s conftest.err
configure:5834: $? = 0
configure:5837: test -s conftest
configure:5840: $? = 0
configure:5852: result: yes
configure:5863: checking for working fork
configure:5886: gcc -o conftest -force_cpusubtype_ALL -mmacosx-version-min=10.4 -arch i386 -arch ppc -isysroot /Developer/SDKs/MacOSX10.4u.sdk   conftest.c -lm  >&5
conftest.c: In function 'main':
conftest.c:10: warning: incompatible implicit declaration of built-in function 'exit'
conftest.c: In function 'main':
conftest.c:10: warning: incompatible implicit declaration of built-in function 'exit'
configure:5889: $? = 0
configure:5891: ./conftest
configure:5894: $? = 0
configure:5908: result: yes
configure:5929: checking for working vfork
configure:6062: result: yes
configure:6097: checking for vprintf
configure:6154: gcc -o conftest -force_cpusubtype_ALL -mmacosx-version-min=10.4 -arch i386 -arch ppc -isysroot /Developer/SDKs/MacOSX10.4u.sdk   conftest.c -lm  >&5
conftest.c:77: warning: conflicting types for built-in function 'vprintf'
conftest.c:77: warning: conflicting types for built-in function 'vprintf'
configure:6160: $? = 0
configure:6164: test -z 
			 || test ! -s conftest.err
configure:6167: $? = 0
configure:6170: test -s conftest
configure:6173: $? = 0
configure:6185: result: yes
configure:6192: checking for _doprnt
configure:6249: gcc -o conftest -force_cpusubtype_ALL -mmacosx-version-min=10.4 -arch i386 -arch ppc -isysroot /Developer/SDKs/MacOSX10.4u.sdk   conftest.c -lm  >&5
Binary file conftest.er1 matches
configure:6255: $? = 1
configure: failed program was:
| /* confdefs.h.  */
| 
| #define PACKAGE_NAME ""
| #define PACKAGE_TARNAME ""
| #define PACKAGE_VERSION ""
| #define PACKAGE_STRING ""
| #define PACKAGE_BUGREPORT ""
| #define HAVE_LIBM 1
| #define HAVE_DIRENT_H 1
| #define STDC_HEADERS 1
| #define HAVE_SYS_WAIT_H 1
| #define HAVE_SYS_TYPES_H 1
| #define HAVE_SYS_STAT_H 1
| #define HAVE_STDLIB_H 1
| #define HAVE_STRING_H 1
| #define HAVE_MEMORY_H 1
| #define HAVE_STRINGS_H 1
| #define HAVE_INTTYPES_H 1
| #define HAVE_STDINT_H 1
| #define HAVE_UNISTD_H 1
| #define HAVE_STRINGS_H 1
| #define HAVE_STRING_H 1
| #define HAVE_SYS_PARAM_H 1
| #define HAVE_TERM_H 1
| #define HAVE_REGEX_H 1
| #define HAVE_FCNTL_H 1
| #define HAVE_TIME_H 1
| #define HAVE_CTYPE_H 1
| #define HAVE_LIMITS_H 1
| #define HAVE_LOCALE_H 1
| #define HAVE_SYS_TYPES_H 1
| #define HAVE_SYS_STAT_H 1
| #define HAVE_SYS_FILE_H 1
| #define HAVE_SYS_IOCTL_H 1
| #define HAVE_SYS_TIME_H 1
| #define HAVE_SYSLOG_H 1
| #define HAVE_UNISTD_H 1
| #define HAVE_STDLIB_H 1
| #define HAVE_LIBGEN_H 1
| #define TIME_WITH_SYS_TIME 1
| #define HAVE_STDLIB_H 1
| #define HAVE_UNISTD_H 1
| #define HAVE_GETPAGESIZE 1
| #define HAVE_MMAP 1
| #define RETSIGTYPE void
| #define HAVE_STRCOLL 1
| #define HAVE_UNISTD_H 1
| #define HAVE_FORK 1
| #define HAVE_VFORK 1
| #define HAVE_WORKING_VFORK 1
| #define HAVE_WORKING_FORK 1
| #define HAVE_VPRINTF 1
| /* end confdefs.h.  */
| /* Define _doprnt to an innocuous variant, in case <limits.h> declares _doprnt.
|    For example, HP-UX 11i <limits.h> declares gettimeofday.  */
| #define _doprnt innocuous__doprnt
| 
| /* System header to define __stub macros and hopefully few prototypes,
|     which can conflict with char _doprnt (); below.
|     Prefer <limits.h> to <assert.h> if __STDC__ is defined, since
|     <limits.h> exists even on freestanding compilers.  */
| 
| #ifdef __STDC__
| # include <limits.h>
| #else
| # include <assert.h>
| #endif
| 
| #undef _doprnt
| 
| /* Override any gcc2 internal prototype to avoid an error.  */
| #ifdef __cplusplus
| extern "C"
| {
| #endif
| /* We use char because int might match the return type of a gcc2
|    builtin and then its argument prototype would still apply.  */
| char _doprnt ();
| /* The GNU C library defines this for functions which it implements
|     to always fail with ENOSYS.  Some functions are actually named
|     something starting with __ and the normal name is an alias.  */
| #if defined (__stub__doprnt) || defined (__stub____doprnt)
| choke me
| #else
| char (*f) () = _doprnt;
| #endif
| #ifdef __cplusplus
| }
| #endif
| 
| int
| main ()
| {
| return f != _doprnt;
|   ;
|   return 0;
| }
configure:6280: result: no
configure:6298: checking for main in -lcurses
configure:6354: result: yes
configure:6366: checking for main in -ltermcap
configure:6422: result: yes
configure:6472: checking for bzero
configure:6529: gcc -o conftest -force_cpusubtype_ALL -mmacosx-version-min=10.4 -arch i386 -arch ppc -isysroot /Developer/SDKs/MacOSX10.4u.sdk   conftest.c -ltermcap -lcurses -lm  >&5
conftest.c:80: warning: conflicting types for built-in function 'bzero'
conftest.c:80: warning: conflicting types for built-in function 'bzero'
configure:6535: $? = 0
configure:6539: test -z 
			 || test ! -s conftest.err
configure:6542: $? = 0
configure:6545: test -s conftest
configure:6548: $? = 0
configure:6560: result: yes
configure:6472: checking for gethostname
configure:6560: result: yes
configure:6472: checking for fgetpwent
configure:6529: gcc -o conftest -force_cpusubtype_ALL -mmacosx-version-min=10.4 -arch i386 -arch ppc -isysroot /Developer/SDKs/MacOSX10.4u.sdk   conftest.c -ltermcap -lcurses -lm  >&5
Binary file conftest.er1 matches
configure:6535: $? = 1
configure: failed program was:
| /* confdefs.h.  */
| 
| #define PACKAGE_NAME ""
| #define PACKAGE_TARNAME ""
| #define PACKAGE_VERSION ""
| #define PACKAGE_STRING ""
| #define PACKAGE_BUGREPORT ""
| #define HAVE_LIBM 1
| #define HAVE_DIRENT_H 1
| #define STDC_HEADERS 1
| #define HAVE_SYS_WAIT_H 1
| #define HAVE_SYS_TYPES_H 1
| #define HAVE_SYS_STAT_H 1
| #define HAVE_STDLIB_H 1
| #define HAVE_STRING_H 1
| #define HAVE_MEMORY_H 1
| #define HAVE_STRINGS_H 1
| #define HAVE_INTTYPES_H 1
| #define HAVE_STDINT_H 1
| #define HAVE_UNISTD_H 1
| #define HAVE_STRINGS_H 1
| #define HAVE_STRING_H 1
| #define HAVE_SYS_PARAM_H 1
| #define HAVE_TERM_H 1
| #define HAVE_REGEX_H 1
| #define HAVE_FCNTL_H 1
| #define HAVE_TIME_H 1
| #define HAVE_CTYPE_H 1
| #define HAVE_LIMITS_H 1
| #define HAVE_LOCALE_H 1
| #define HAVE_SYS_TYPES_H 1
| #define HAVE_SYS_STAT_H 1
| #define HAVE_SYS_FILE_H 1
| #define HAVE_SYS_IOCTL_H 1
| #define HAVE_SYS_TIME_H 1
| #define HAVE_SYSLOG_H 1
| #define HAVE_UNISTD_H 1
| #define HAVE_STDLIB_H 1
| #define HAVE_LIBGEN_H 1
| #define TIME_WITH_SYS_TIME 1
| #define HAVE_STDLIB_H 1
| #define HAVE_UNISTD_H 1
| #define HAVE_GETPAGESIZE 1
| #define HAVE_MMAP 1
| #define RETSIGTYPE void
| #define HAVE_STRCOLL 1
| #define HAVE_UNISTD_H 1
| #define HAVE_FORK 1
| #define HAVE_VFORK 1
| #define HAVE_WORKING_VFORK 1
| #define HAVE_WORKING_FORK 1
| #define HAVE_VPRINTF 1
| #define HAVE_LIBCURSES 1
| #define HAVE_LIBTERMCAP 1
| #define HAVE_BZERO 1
| #define HAVE_GETHOSTNAME 1
| /* end confdefs.h.  */
| /* Define fgetpwent to an innocuous variant, in case <limits.h> declares fgetpwent.
|    For example, HP-UX 11i <limits.h> declares gettimeofday.  */
| #define fgetpwent innocuous_fgetpwent
| 
| /* System header to define __stub macros and hopefully few prototypes,
|     which can conflict with char fgetpwent (); below.
|     Prefer <limits.h> to <assert.h> if __STDC__ is defined, since
|     <limits.h> exists even on freestanding compilers.  */
| 
| #ifdef __STDC__
| # include <limits.h>
| #else
| # include <assert.h>
| #endif
| 
| #undef fgetpwent
| 
| /* Override any gcc2 internal prototype to avoid an error.  */
| #ifdef __cplusplus
| extern "C"
| {
| #endif
| /* We use char because int might match the return type of a gcc2
|    builtin and then its argument prototype would still apply.  */
| char fgetpwent ();
| /* The GNU C library defines this for functions which it implements
|     to always fail with ENOSYS.  Some functions are actually named
|     something starting with __ and the normal name is an alias.  */
| #if defined (__stub_fgetpwent) || defined (__stub___fgetpwent)
| choke me
| #else
| char (*f) () = fgetpwent;
| #endif
| #ifdef __cplusplus
| }
| #endif
| 
| int
| main ()
| {
| return f != fgetpwent;
|   ;
|   return 0;
| }
configure:6560: result: no
configure:6472: checking for get_current_dir_name
configure:6529: gcc -o conftest -force_cpusubtype_ALL -mmacosx-version-min=10.4 -arch i386 -arch ppc -isysroot /Developer/SDKs/MacOSX10.4u.sdk   conftest.c -ltermcap -lcurses -lm  >&5
Binary file conftest.er1 matches
configure:6535: $? = 1
configure: failed program was:
| /* confdefs.h.  */
| 
| #define PACKAGE_NAME ""
| #define PACKAGE_TARNAME ""
| #define PACKAGE_VERSION ""
| #define PACKAGE_STRING ""
| #define PACKAGE_BUGREPORT ""
| #define HAVE_LIBM 1
| #define HAVE_DIRENT_H 1
| #define STDC_HEADERS 1
| #define HAVE_SYS_WAIT_H 1
| #define HAVE_SYS_TYPES_H 1
| #define HAVE_SYS_STAT_H 1
| #define HAVE_STDLIB_H 1
| #define HAVE_STRING_H 1
| #define HAVE_MEMORY_H 1
| #define HAVE_STRINGS_H 1
| #define HAVE_INTTYPES_H 1
| #define HAVE_STDINT_H 1
| #define HAVE_UNISTD_H 1
| #define HAVE_STRINGS_H 1
| #define HAVE_STRING_H 1
| #define HAVE_SYS_PARAM_H 1
| #define HAVE_TERM_H 1
| #define HAVE_REGEX_H 1
| #define HAVE_FCNTL_H 1
| #define HAVE_TIME_H 1
| #define HAVE_CTYPE_H 1
| #define HAVE_LIMITS_H 1
| #define HAVE_LOCALE_H 1
| #define HAVE_SYS_TYPES_H 1
| #define HAVE_SYS_STAT_H 1
| #define HAVE_SYS_FILE_H 1
| #define HAVE_SYS_IOCTL_H 1
| #define HAVE_SYS_TIME_H 1
| #define HAVE_SYSLOG_H 1
| #define HAVE_UNISTD_H 1
| #define HAVE_STDLIB_H 1
| #define HAVE_LIBGEN_H 1
| #define TIME_WITH_SYS_TIME 1
| #define HAVE_STDLIB_H 1
| #define HAVE_UNISTD_H 1
| #define HAVE_GETPAGESIZE 1
| #define HAVE_MMAP 1
| #define RETSIGTYPE void
| #define HAVE_STRCOLL 1
| #define HAVE_UNISTD_H 1
| #define HAVE_FORK 1
| #define HAVE_VFORK 1
| #define HAVE_WORKING_VFORK 1
| #define HAVE_WORKING_FORK 1
| #define HAVE_VPRINTF 1
| #define HAVE_LIBCURSES 1
| #define HAVE_LIBTERMCAP 1
| #define HAVE_BZERO 1
| #define HAVE_GETHOSTNAME 1
| /* end confdefs.h.  */
| /* Define get_current_dir_name to an innocuous variant, in case <limits.h> declares get_current_dir_name.
|    For example, HP-UX 11i <limits.h> declares gettimeofday.  */
| #define get_current_dir_name innocuous_get_current_dir_name
| 
| /* System header to define __stub macros and hopefully few prototypes,
|     which can conflict with char get_current_dir_name (); below.
|     Prefer <limits.h> to <assert.h> if __STDC__ is defined, since
|     <limits.h> exists even on freestanding compilers.  */
| 
| #ifdef __STDC__
| # include <limits.h>
| #else
| # include <assert.h>
| #endif
| 
| #undef get_current_dir_name
| 
| /* Override any gcc2 internal prototype to avoid an error.  */
| #ifdef __cplusplus
| extern "C"
| {
| #endif
| /* We use char because int might match the return type of a gcc2
|    builtin and then its argument prototype would still apply.  */
| char get_current_dir_name ();
| /* The GNU C library defines this for functions which it implements
|     to always fail with ENOSYS.  Some functions are actually named
|     something starting with __ and the normal name is an alias.  */
| #if defined (__stub_get_current_dir_name) || defined (__stub___get_current_dir_name)
| choke me
| #else
| char (*f) () = get_current_dir_name;
| #endif
| #ifdef __cplusplus
| }
| #endif
| 
| int
| main ()
| {
| return f != get_current_dir_name;
|   ;
|   return 0;
| }
configure:6560: result: no
configure:6472: checking for getcwd
configure:6529: gcc -o conftest -force_cpusubtype_ALL -mmacosx-version-min=10.4 -arch i386 -arch ppc -isysroot /Developer/SDKs/MacOSX10.4u.sdk   conftest.c -ltermcap -lcurses -lm  >&5
configure:6535: $? = 0
configure:6539: test -z 
			 || test ! -s conftest.err
configure:6542: $? = 0
configure:6545: test -s conftest
configure:6548: $? = 0
configure:6560: result: yes
configure:6472: checking for getwd
configure:6529: gcc -o conftest -force_cpusubtype_ALL -mmacosx-version-min=10.4 -arch i386 -arch ppc -isysroot /Developer/SDKs/MacOSX10.4u.sdk   conftest.c -ltermcap -lcurses -lm  >&5
configure:6535: $? = 0
configure:6539: test -z 
			 || test ! -s conftest.err
configure:6542: $? = 0
configure:6545: test -s conftest
configure:6548: $? = 0
configure:6560: result: yes
configure:6472: checking for madvise
configure:6529: gcc -o conftest -force_cpusubtype_ALL -mmacosx-version-min=10.4 -arch i386 -arch ppc -isysroot /Developer/SDKs/MacOSX10.4u.sdk   conftest.c -ltermcap -lcurses -lm  >&5
configure:6535: $? = 0
configure:6539: test -z 
			 || test ! -s conftest.err
configure:6542: $? = 0
configure:6545: test -s conftest
configure:6548: $? = 0
configure:6560: result: yes
configure:6472: checking for mkdir
configure:6529: gcc -o conftest -force_cpusubtype_ALL -mmacosx-version-min=10.4 -arch i386 -arch ppc -isysroot /Developer/SDKs/MacOSX10.4u.sdk   conftest.c -ltermcap -lcurses -lm  >&5
configure:6535: $? = 0
configure:6539: test -z 
			 || test ! -s conftest.err
configure:6542: $? = 0
configure:6545: test -s conftest
configure:6548: $? = 0
configure:6560: result: yes
configure:6472: checking for mkstemp
configure:6529: gcc -o conftest -force_cpusubtype_ALL -mmacosx-version-min=10.4 -arch i386 -arch ppc -isysroot /Developer/SDKs/MacOSX10.4u.sdk   conftest.c -ltermcap -lcurses -lm  >&5
configure:6535: $? = 0
configure:6539: test -z 
			 || test ! -s conftest.err
configure:6542: $? = 0
configure:6545: test -s conftest
configure:6548: $? = 0
configure:6560: result: yes
configure:6472: checking for mktime
configure:6529: gcc -o conftest -force_cpusubtype_ALL -mmacosx-version-min=10.4 -arch i386 -arch ppc -isysroot /Developer/SDKs/MacOSX10.4u.sdk   conftest.c -ltermcap -lcurses -lm  >&5
configure:6535: $? = 0
configure:6539: test -z 
			 || test ! -s conftest.err
configure:6542: $? = 0
configure:6545: test -s conftest
configure:6548: $? = 0
configure:6560: result: yes
configure:6472: checking for putenv
configure:6529: gcc -o conftest -force_cpusubtype_ALL -mmacosx-version-min=10.4 -arch i386 -arch ppc -isysroot /Developer/SDKs/MacOSX10.4u.sdk   conftest.c -ltermcap -lcurses -lm  >&5
configure:6535: $? = 0
configure:6539: test -z 
			 || test ! -s conftest.err
configure:6542: $? = 0
configure:6545: test -s conftest
configure:6548: $? = 0
configure:6560: result: yes
configure:6472: checking for re_comp
configure:6529: gcc -o conftest -force_cpusubtype_ALL -mmacosx-version-min=10.4 -arch i386 -arch ppc -isysroot /Developer/SDKs/MacOSX10.4u.sdk   conftest.c -ltermcap -lcurses -lm  >&5
/usr/bin/ld32: for architecture ppc
/usr/bin/ld32: Undefined symbols:
_re_comp
/usr/bin/ld32: for architecture i386
/usr/bin/ld32: Undefined symbols:
_re_comp
collect2: ld returned 1 exit status
collect2: ld returned 1 exit status
lipo: can't open input file: /var/tmp//ccflTgUK.out (No such file or directory)
configure:6535: $? = 1
configure: failed program was:
| /* confdefs.h.  */
| 
| #define PACKAGE_NAME ""
| #define PACKAGE_TARNAME ""
| #define PACKAGE_VERSION ""
| #define PACKAGE_STRING ""
| #define PACKAGE_BUGREPORT ""
| #define HAVE_LIBM 1
| #define HAVE_DIRENT_H 1
| #define STDC_HEADERS 1
| #define HAVE_SYS_WAIT_H 1
| #define HAVE_SYS_TYPES_H 1
| #define HAVE_SYS_STAT_H 1
| #define HAVE_STDLIB_H 1
| #define HAVE_STRING_H 1
| #define HAVE_MEMORY_H 1
| #define HAVE_STRINGS_H 1
| #define HAVE_INTTYPES_H 1
| #define HAVE_STDINT_H 1
| #define HAVE_UNISTD_H 1
| #define HAVE_STRINGS_H 1
| #define HAVE_STRING_H 1
| #define HAVE_SYS_PARAM_H 1
| #define HAVE_TERM_H 1
| #define HAVE_REGEX_H 1
| #define HAVE_FCNTL_H 1
| #define HAVE_TIME_H 1
| #define HAVE_CTYPE_H 1
| #define HAVE_LIMITS_H 1
| #define HAVE_LOCALE_H 1
| #define HAVE_SYS_TYPES_H 1
| #define HAVE_SYS_STAT_H 1
| #define HAVE_SYS_FILE_H 1
| #define HAVE_SYS_IOCTL_H 1
| #define HAVE_SYS_TIME_H 1
| #define HAVE_SYSLOG_H 1
| #define HAVE_UNISTD_H 1
| #define HAVE_STDLIB_H 1
| #define HAVE_LIBGEN_H 1
| #define TIME_WITH_SYS_TIME 1
| #define HAVE_STDLIB_H 1
| #define HAVE_UNISTD_H 1
| #define HAVE_GETPAGESIZE 1
| #define HAVE_MMAP 1
| #define RETSIGTYPE void
| #define HAVE_STRCOLL 1
| #define HAVE_UNISTD_H 1
| #define HAVE_FORK 1
| #define HAVE_VFORK 1
| #define HAVE_WORKING_VFORK 1
| #define HAVE_WORKING_FORK 1
| #define HAVE_VPRINTF 1
| #define HAVE_LIBCURSES 1
| #define HAVE_LIBTERMCAP 1
| #define HAVE_BZERO 1
| #define HAVE_GETHOSTNAME 1
| #define HAVE_GETCWD 1
| #define HAVE_GETWD 1
| #define HAVE_MADVISE 1
| #define HAVE_MKDIR 1
| #define HAVE_MKSTEMP 1
| #define HAVE_MKTIME 1
| #define HAVE_PUTENV 1
| /* end confdefs.h.  */
| /* Define re_comp to an innocuous variant, in case <limits.h> declares re_comp.
|    For example, HP-UX 11i <limits.h> declares gettimeofday.  */
| #define re_comp innocuous_re_comp
| 
| /* System header to define __stub macros and hopefully few prototypes,
|     which can conflict with char re_comp (); below.
|     Prefer <limits.h> to <assert.h> if __STDC__ is defined, since
|     <limits.h> exists even on freestanding compilers.  */
| 
| #ifdef __STDC__
| # include <limits.h>
| #else
| # include <assert.h>
| #endif
| 
| #undef re_comp
| 
| /* Override any gcc2 internal prototype to avoid an error.  */
| #ifdef __cplusplus
| extern "C"
| {
| #endif
| /* We use char because int might match the return type of a gcc2
|    builtin and then its argument prototype would still apply.  */
| char re_comp ();
| /* The GNU C library defines this for functions which it implements
|     to always fail with ENOSYS.  Some functions are actually named
|     something starting with __ and the normal name is an alias.  */
| #if defined (__stub_re_comp) || defined (__stub___re_comp)
| choke me
| #else
| char (*f) () = re_comp;
| #endif
| #ifdef __cplusplus
| }
| #endif
| 
| int
| main ()
| {
| return f != re_comp;
|   ;
|   return 0;
| }
configure:6560: result: no
configure:6472: checking for select
configure:6529: gcc -o conftest -force_cpusubtype_ALL -mmacosx-version-min=10.4 -arch i386 -arch ppc -isysroot /Developer/SDKs/MacOSX10.4u.sdk   conftest.c -ltermcap -lcurses -lm  >&5
configure:6535: $? = 0
configure:6539: test -z 
			 || test ! -s conftest.err
configure:6542: $? = 0
configure:6545: test -s conftest
configure:6548: $? = 0
configure:6560: result: yes
configure:6472: checking for seteuid
configure:6529: gcc -o conftest -force_cpusubtype_ALL -mmacosx-version-min=10.4 -arch i386 -arch ppc -isysroot /Developer/SDKs/MacOSX10.4u.sdk   conftest.c -ltermcap -lcurses -lm  >&5
configure:6535: $? = 0
configure:6539: test -z 
			 || test ! -s conftest.err
configure:6542: $? = 0
configure:6545: test -s conftest
configure:6548: $? = 0
configure:6560: result: yes
configure:6472: checking for setsid
configure:6529: gcc -o conftest -force_cpusubtype_ALL -mmacosx-version-min=10.4 -arch i386 -arch ppc -isysroot /Developer/SDKs/MacOSX10.4u.sdk   conftest.c -ltermcap -lcurses -lm  >&5
configure:6535: $? = 0
configure:6539: test -z 
			 || test ! -s conftest.err
configure:6542: $? = 0
configure:6545: test -s conftest
configure:6548: $? = 0
configure:6560: result: yes
configure:6472: checking for socket
configure:6529: gcc -o conftest -force_cpusubtype_ALL -mmacosx-version-min=10.4 -arch i386 -arch ppc -isysroot /Developer/SDKs/MacOSX10.4u.sdk   conftest.c -ltermcap -lcurses -lm  >&5
configure:6535: $? = 0
configure:6539: test -z 
			 || test ! -s conftest.err
configure:6542: $? = 0
configure:6545: test -s conftest
configure:6548: $? = 0
configure:6560: result: yes
configure:6472: checking for strcasecmp
configure:6529: gcc -o conftest -force_cpusubtype_ALL -mmacosx-version-min=10.4 -arch i386 -arch ppc -isysroot /Developer/SDKs/MacOSX10.4u.sdk   conftest.c -ltermcap -lcurses -lm  >&5
configure:6535: $? = 0
configure:6539: test -z 
			 || test ! -s conftest.err
configure:6542: $? = 0
configure:6545: test -s conftest
configure:6548: $? = 0
configure:6560: result: yes
configure:6472: checking for strcspn
configure:6529: gcc -o conftest -force_cpusubtype_ALL -mmacosx-version-min=10.4 -arch i386 -arch ppc -isysroot /Developer/SDKs/MacOSX10.4u.sdk   conftest.c -ltermcap -lcurses -lm  >&5
conftest.c:94: warning: conflicting types for built-in function 'strcspn'
conftest.c:94: warning: conflicting types for built-in function 'strcspn'
configure:6535: $? = 0
configure:6539: test -z 
			 || test ! -s conftest.err
configure:6542: $? = 0
configure:6545: test -s conftest
configure:6548: $? = 0
configure:6560: result: yes
configure:6472: checking for strdup
configure:6529: gcc -o conftest -force_cpusubtype_ALL -mmacosx-version-min=10.4 -arch i386 -arch ppc -isysroot /Developer/SDKs/MacOSX10.4u.sdk   conftest.c -ltermcap -lcurses -lm  >&5
conftest.c:95: warning: conflicting types for built-in function 'strdup'
conftest.c:95: warning: conflicting types for built-in function 'strdup'
configure:6535: $? = 0
configure:6539: test -z 
			 || test ! -s conftest.err
configure:6542: $? = 0
configure:6545: test -s conftest
configure:6548: $? = 0
configure:6560: result: yes
configure:6472: checking for strerror
configure:6529: gcc -o conftest -force_cpusubtype_ALL -mmacosx-version-min=10.4 -arch i386 -arch ppc -isysroot /Developer/SDKs/MacOSX10.4u.sdk   conftest.c -ltermcap -lcurses -lm  >&5
configure:6535: $? = 0
configure:6539: test -z 
			 || test ! -s conftest.err
configure:6542: $? = 0
configure:6545: test -s conftest
configure:6548: $? = 0
configure:6560: result: yes
configure:6472: checking for strftime
configure:6529: gcc -o conftest -force_cpusubtype_ALL -mmacosx-version-min=10.4 -arch i386 -arch ppc -isysroot /Developer/SDKs/MacOSX10.4u.sdk   conftest.c -ltermcap -lcurses -lm  >&5
conftest.c:97: warning: conflicting types for built-in function 'strftime'
conftest.c:97: warning: conflicting types for built-in function 'strftime'
configure:6535: $? = 0
configure:6539: test -z 
			 || test ! -s conftest.err
configure:6542: $? = 0
configure:6545: test -s conftest
configure:6548: $? = 0
configure:6560: result: yes
configure:6472: checking for strspn
configure:6529: gcc -o conftest -force_cpusubtype_ALL -mmacosx-version-min=10.4 -arch i386 -arch ppc -isysroot /Developer/SDKs/MacOSX10.4u.sdk   conftest.c -ltermcap -lcurses -lm  >&5
conftest.c:98: warning: conflicting types for built-in function 'strspn'
conftest.c:98: warning: conflicting types for built-in function 'strspn'
configure:6535: $? = 0
configure:6539: test -z 
			 || test ! -s conftest.err
configure:6542: $? = 0
configure:6545: test -s conftest
configure:6548: $? = 0
configure:6560: result: yes
configure:6472: checking for strstr
configure:6529: gcc -o conftest -force_cpusubtype_ALL -mmacosx-version-min=10.4 -arch i386 -arch ppc -isysroot /Developer/SDKs/MacOSX10.4u.sdk   conftest.c -ltermcap -lcurses -lm  >&5
conftest.c:99: warning: conflicting types for built-in function 'strstr'
conftest.c:99: warning: conflicting types for built-in function 'strstr'
configure:6535: $? = 0
configure:6539: test -z 
			 || test ! -s conftest.err
configure:6542: $? = 0
configure:6545: test -s conftest
configure:6548: $? = 0
configure:6560: result: yes
configure:6472: checking for strtol
configure:6529: gcc -o conftest -force_cpusubtype_ALL -mmacosx-version-min=10.4 -arch i386 -arch ppc -isysroot /Developer/SDKs/MacOSX10.4u.sdk   conftest.c -ltermcap -lcurses -lm  >&5
configure:6535: $? = 0
configure:6539: test -z 
			 || test ! -s conftest.err
configure:6542: $? = 0
configure:6545: test -s conftest
configure:6548: $? = 0
configure:6560: result: yes
configure:6472: checking for sysconf
configure:6529: gcc -o conftest -force_cpusubtype_ALL -mmacosx-version-min=10.4 -arch i386 -arch ppc -isysroot /Developer/SDKs/MacOSX10.4u.sdk   conftest.c -ltermcap -lcurses -lm  >&5
configure:6535: $? = 0
configure:6539: test -z 
			 || test ! -s conftest.err
configure:6542: $? = 0
configure:6545: test -s conftest
configure:6548: $? = 0
configure:6560: result: yes
configure:6472: checking for tempnam
configure:6529: gcc -o conftest -force_cpusubtype_ALL -mmacosx-version-min=10.4 -arch i386 -arch ppc -isysroot /Developer/SDKs/MacOSX10.4u.sdk   conftest.c -ltermcap -lcurses -lm  >&5
configure:6535: $? = 0
configure:6539: test -z 
			 || test ! -s conftest.err
configure:6542: $? = 0
configure:6545: test -s conftest
configure:6548: $? = 0
configure:6560: result: yes
configure:6472: checking for tzset
configure:6529: gcc -o conftest -force_cpusubtype_ALL -mmacosx-version-min=10.4 -arch i386 -arch ppc -isysroot /Developer/SDKs/MacOSX10.4u.sdk   conftest.c -ltermcap -lcurses -lm  >&5
configure:6535: $? = 0
configure:6539: test -z 
			 || test ! -s conftest.err
configure:6542: $? = 0
configure:6545: test -s conftest
configure:6548: $? = 0
configure:6560: result: yes
configure:6472: checking for wait3
configure:6529: gcc -o conftest -force_cpusubtype_ALL -mmacosx-version-min=10.4 -arch i386 -arch ppc -isysroot /Developer/SDKs/MacOSX10.4u.sdk   conftest.c -ltermcap -lcurses -lm  >&5
configure:6535: $? = 0
configure:6539: test -z 
			 || test ! -s conftest.err
configure:6542: $? = 0
configure:6545: test -s conftest
configure:6548: $? = 0
configure:6560: result: yes
configure:6472: checking for waitpid
configure:6529: gcc -o conftest -force_cpusubtype_ALL -mmacosx-version-min=10.4 -arch i386 -arch ppc -isysroot /Developer/SDKs/MacOSX10.4u.sdk   conftest.c -ltermcap -lcurses -lm  >&5
configure:6535: $? = 0
configure:6539: test -z 
			 || test ! -s conftest.err
configure:6542: $? = 0
configure:6545: test -s conftest
configure:6548: $? = 0
configure:6560: result: yes
configure:6472: checking for strcasestr
configure:6529: gcc -o conftest -force_cpusubtype_ALL -mmacosx-version-min=10.4 -arch i386 -arch ppc -isysroot /Developer/SDKs/MacOSX10.4u.sdk   conftest.c -ltermcap -lcurses -lm  >&5
configure:6535: $? = 0
configure:6539: test -z 
			 || test ! -s conftest.err
configure:6542: $? = 0
configure:6545: test -s conftest
configure:6548: $? = 0
configure:6560: result: yes
configure:6472: checking for regcomp
configure:6529: gcc -o conftest -force_cpusubtype_ALL -mmacosx-version-min=10.4 -arch i386 -arch ppc -isysroot /Developer/SDKs/MacOSX10.4u.sdk   conftest.c -ltermcap -lcurses -lm  >&5
configure:6535: $? = 0
configure:6539: test -z 
			 || test ! -s conftest.err
configure:6542: $? = 0
configure:6545: test -s conftest
configure:6548: $? = 0
configure:6560: result: yes
configure:6472: checking for regfree
configure:6529: gcc -o conftest -force_cpusubtype_ALL -mmacosx-version-min=10.4 -arch i386 -arch ppc -isysroot /Developer/SDKs/MacOSX10.4u.sdk   conftest.c -ltermcap -lcurses -lm  >&5
configure:6535: $? = 0
configure:6539: test -z 
			 || test ! -s conftest.err
configure:6542: $? = 0
configure:6545: test -s conftest
configure:6548: $? = 0
configure:6560: result: yes
configure:6472: checking for wattron
configure:6529: gcc -o conftest -force_cpusubtype_ALL -mmacosx-version-min=10.4 -arch i386 -arch ppc -isysroot /Developer/SDKs/MacOSX10.4u.sdk   conftest.c -ltermcap -lcurses -lm  >&5
configure:6535: $? = 0
configure:6539: test -z 
			 || test ! -s conftest.err
configure:6542: $? = 0
configure:6545: test -s conftest
configure:6548: $? = 0
configure:6560: result: yes
configure:6472: checking for wattroff
configure:6529: gcc -o conftest -force_cpusubtype_ALL -mmacosx-version-min=10.4 -arch i386 -arch ppc -isysroot /Developer/SDKs/MacOSX10.4u.sdk   conftest.c -ltermcap -lcurses -lm  >&5
configure:6535: $? = 0
configure:6539: test -z 
			 || test ! -s conftest.err
configure:6542: $? = 0
configure:6545: test -s conftest
configure:6548: $? = 0
configure:6560: result: yes
configure:6472: checking for wstandout
configure:6529: gcc -o conftest -force_cpusubtype_ALL -mmacosx-version-min=10.4 -arch i386 -arch ppc -isysroot /Developer/SDKs/MacOSX10.4u.sdk   conftest.c -ltermcap -lcurses -lm  >&5
configure:6535: $? = 0
configure:6539: test -z 
			 || test ! -s conftest.err
configure:6542: $? = 0
configure:6545: test -s conftest
configure:6548: $? = 0
configure:6560: result: yes
configure:6472: checking for wstandend
configure:6529: gcc -o conftest -force_cpusubtype_ALL -mmacosx-version-min=10.4 -arch i386 -arch ppc -isysroot /Developer/SDKs/MacOSX10.4u.sdk   conftest.c -ltermcap -lcurses -lm  >&5
configure:6535: $? = 0
configure:6539: test -z 
			 || test ! -s conftest.err
configure:6542: $? = 0
configure:6545: test -s conftest
configure:6548: $? = 0
configure:6560: result: yes
configure:6587: gcc -o conftest -force_cpusubtype_ALL -mmacosx-version-min=10.4 -arch i386 -arch ppc -isysroot /Developer/SDKs/MacOSX10.4u.sdk   conftest.c -ltermcap -lcurses -lm  >&5
configure:6593: $? = 0
configure:6597: test -z 
			 || test ! -s conftest.err
configure:6600: $? = 0
configure:6603: test -s conftest
configure:6606: $? = 0
configure:6712: creating ./config.status

## ---------------------- ##
## Running config.status. ##
## ---------------------- ##

This file was extended by config.status, which was
generated by GNU Autoconf 2.59.  Invocation command line was

  CONFIG_FILES    = 
  CONFIG_HEADERS  = 
  CONFIG_LINKS    = 
  CONFIG_COMMANDS = 
  $ ./config.status 

on bruce.floodgap.com

config.status:672: creating Makefile
config.status:672: creating Makefile.config
config.status:672: creating object/Makefile
config.status:672: creating gopher/Makefile
config.status:672: creating gopher/locales/Makefile
config.status:672: creating doc/Makefile
config.status:672: creating gophfilt/Makefile
config.status:776: creating config.h
config.status:1054: config.h is unchanged

## ---------------- ##
## Cache variables. ##
## ---------------- ##

ac_cv_c_compiler_gnu=yes
ac_cv_c_const=yes
ac_cv_env_CC_set=
ac_cv_env_CC_value=
ac_cv_env_CFLAGS_set=set
ac_cv_env_CFLAGS_value='-force_cpusubtype_ALL -mmacosx-version-min=10.4 -arch i386 -arch ppc -isysroot /Developer/SDKs/MacOSX10.4u.sdk'
ac_cv_env_CPPFLAGS_set=
ac_cv_env_CPPFLAGS_value=
ac_cv_env_CPP_set=
ac_cv_env_CPP_value=
ac_cv_env_LDFLAGS_set=
ac_cv_env_LDFLAGS_value=
ac_cv_env_build_alias_set=
ac_cv_env_build_alias_value=
ac_cv_env_host_alias_set=
ac_cv_env_host_alias_value=
ac_cv_env_target_alias_set=
ac_cv_env_target_alias_value=
ac_cv_exeext=
ac_cv_func__doprnt=no
ac_cv_func_bzero=yes
ac_cv_func_connect=yes
ac_cv_func_fgetpwent=no
ac_cv_func_fork=yes
ac_cv_func_fork_works=yes
ac_cv_func_get_current_dir_name=no
ac_cv_func_getcwd=yes
ac_cv_func_gethostname=yes
ac_cv_func_getpagesize=yes
ac_cv_func_getwd=yes
ac_cv_func_madvise=yes
ac_cv_func_mkdir=yes
ac_cv_func_mkstemp=yes
ac_cv_func_mktime=yes
ac_cv_func_mmap_fixed_mapped=yes
ac_cv_func_putenv=yes
ac_cv_func_re_comp=no
ac_cv_func_regcomp=yes
ac_cv_func_regfree=yes
ac_cv_func_select=yes
ac_cv_func_seteuid=yes
ac_cv_func_setsid=yes
ac_cv_func_socket=yes
ac_cv_func_strcasecmp=yes
ac_cv_func_strcasestr=yes
ac_cv_func_strcoll_works=yes
ac_cv_func_strcspn=yes
ac_cv_func_strdup=yes
ac_cv_func_strerror=yes
ac_cv_func_strftime=yes
ac_cv_func_strspn=yes
ac_cv_func_strstr=yes
ac_cv_func_strtol=yes
ac_cv_func_sysconf=yes
ac_cv_func_tempnam=yes
ac_cv_func_tzset=yes
ac_cv_func_vfork=yes
ac_cv_func_vfork_works=yes
ac_cv_func_vprintf=yes
ac_cv_func_wait3=yes
ac_cv_func_waitpid=yes
ac_cv_func_wattroff=yes
ac_cv_func_wattron=yes
ac_cv_func_wstandend=yes
ac_cv_func_wstandout=yes
ac_cv_header_crypt_h=no
ac_cv_header_ctype_h=yes
ac_cv_header_dirent_dirent_h=yes
ac_cv_header_fcntl_h=yes
ac_cv_header_inttypes_h=yes
ac_cv_header_libgen_h=yes
ac_cv_header_limits_h=yes
ac_cv_header_locale_h=yes
ac_cv_header_malloc_h=no
ac_cv_header_memory_h=yes
ac_cv_header_re_comp_h=no
ac_cv_header_regex_h=yes
ac_cv_header_regexp_h=no
ac_cv_header_stdc=yes
ac_cv_header_stdint_h=yes
ac_cv_header_stdlib_h=yes
ac_cv_header_string_h=yes
ac_cv_header_strings_h=yes
ac_cv_header_sys_file_h=yes
ac_cv_header_sys_ioctl_h=yes
ac_cv_header_sys_param_h=yes
ac_cv_header_sys_stat_h=yes
ac_cv_header_sys_time_h=yes
ac_cv_header_sys_types_h=yes
ac_cv_header_sys_wait_h=yes
ac_cv_header_syslog_h=yes
ac_cv_header_term_h=yes
ac_cv_header_time=yes
ac_cv_header_time_h=yes
ac_cv_header_unistd_h=yes
ac_cv_header_vfork_h=no
ac_cv_lib_compat_re_comp=no
ac_cv_lib_curses_main=yes
ac_cv_lib_m_main=yes
ac_cv_lib_malloc_main=no
ac_cv_lib_termcap_main=yes
ac_cv_objext=o
ac_cv_path_install='/usr/bin/install -c'
ac_cv_prog_CPP='gcc -E'
ac_cv_prog_ac_ct_CC=gcc
ac_cv_prog_ac_ct_RANLIB=ranlib
ac_cv_prog_cc_g=yes
ac_cv_prog_cc_stdc=
ac_cv_prog_egrep='grep -E'
ac_cv_prog_gcc_traditional=no
ac_cv_prog_make_make_set=yes
ac_cv_search_opendir='none required'
ac_cv_struct_tm=time.h
ac_cv_type_pid_t=yes
ac_cv_type_signal=void
ac_cv_type_size_t=yes

## ----------------- ##
## Output variables. ##
## ----------------- ##

CC='gcc'
CFLAGS='-force_cpusubtype_ALL -mmacosx-version-min=10.4 -arch i386 -arch ppc -isysroot /Developer/SDKs/MacOSX10.4u.sdk'
CLIENTLIBS=' -lcurses -ltermcap'
CPP='gcc -E'
CPPFLAGS=''
DEBUGGING=''
DEFS='-DHAVE_CONFIG_H'
DLOBJS=''
DLPATH=''
ECHO_C=''
ECHO_N='-n'
ECHO_T=''
EGREP='grep -E'
EXEEXT=''
GINTERNATIONAL=''
GOPHER_DATA='/gopher-data'
GOPHER_PORT='70'
INSTALL_DATA='${INSTALL} -m 644'
INSTALL_PROGRAM='${INSTALL}'
INSTALL_SCRIPT='${INSTALL}'
LDFLAGS=''
LIBOBJS=''
LIBS='-ltermcap -lcurses -lm '
LN_S='ln -s'
LTLIBOBJS=''
OBJEXT='o'
OPT='-force_cpusubtype_ALL -mmacosx-version-min=10.4 -arch i386 -arch ppc -isysroot /Developer/SDKs/MacOSX10.4u.sdk'
PACKAGE_BUGREPORT=''
PACKAGE_NAME=''
PACKAGE_STRING=''
PACKAGE_TARNAME=''
PACKAGE_VERSION=''
PATH_SEPARATOR=':'
RANLIB='ranlib'
REGEXLIBS=''
SEARCH=''
SET_MAKE=''
SHELL='/bin/sh'
SOCKSFLAGS=''
SOCKSLIBS=''
WAISTYPE=''
ac_ct_CC='gcc'
ac_ct_RANLIB='ranlib'
bindir='${exec_prefix}/bin'
build_alias=''
datadir='${prefix}/share'
exec_prefix='${prefix}'
host_alias=''
includedir='${prefix}/include'
infodir='${prefix}/info'
libdir='${exec_prefix}/lib'
libexecdir='${exec_prefix}/libexec'
localstatedir='${prefix}/var'
mandir='${prefix}/man'
oldincludedir='/usr/include'
prefix='/usr/local'
program_transform_name='s,x,x,'
sbindir='${exec_prefix}/sbin'
sharedstatedir='${prefix}/com'
sysconfdir='${prefix}/etc'
target_alias=''

## ----------- ##
## confdefs.h. ##
## ----------- ##

#define HAVE_BZERO 1
#define HAVE_CTYPE_H 1
#define HAVE_DIRENT_H 1
#define HAVE_FCNTL_H 1
#define HAVE_FORK 1
#define HAVE_GETCWD 1
#define HAVE_GETHOSTNAME 1
#define HAVE_GETPAGESIZE 1
#define HAVE_GETWD 1
#define HAVE_INTTYPES_H 1
#define HAVE_LIBCURSES 1
#define HAVE_LIBGEN_H 1
#define HAVE_LIBM 1
#define HAVE_LIBTERMCAP 1
#define HAVE_LIMITS_H 1
#define HAVE_LOCALE_H 1
#define HAVE_MADVISE 1
#define HAVE_MEMORY_H 1
#define HAVE_MKDIR 1
#define HAVE_MKSTEMP 1
#define HAVE_MKTIME 1
#define HAVE_MMAP 1
#define HAVE_PUTENV 1
#define HAVE_REGCOMP 1
#define HAVE_REGEX_H 1
#define HAVE_REGFREE 1
#define HAVE_SELECT 1
#define HAVE_SETEUID 1
#define HAVE_SETSID 1
#define HAVE_SOCKET 1
#define HAVE_STDINT_H 1
#define HAVE_STDLIB_H 1
#define HAVE_STDLIB_H 1
#define HAVE_STDLIB_H 1
#define HAVE_STRCASECMP 1
#define HAVE_STRCASESTR 1
#define HAVE_STRCOLL 1
#define HAVE_STRCSPN 1
#define HAVE_STRDUP 1
#define HAVE_STRERROR 1
#define HAVE_STRFTIME 1
#define HAVE_STRINGS_H 1
#define HAVE_STRINGS_H 1
#define HAVE_STRING_H 1
#define HAVE_STRING_H 1
#define HAVE_STRSPN 1
#define HAVE_STRSTR 1
#define HAVE_STRTOL 1
#define HAVE_SYSCONF 1
#define HAVE_SYSLOG_H 1
#define HAVE_SYS_FILE_H 1
#define HAVE_SYS_IOCTL_H 1
#define HAVE_SYS_PARAM_H 1
#define HAVE_SYS_STAT_H 1
#define HAVE_SYS_STAT_H 1
#define HAVE_SYS_TIME_H 1
#define HAVE_SYS_TYPES_H 1
#define HAVE_SYS_TYPES_H 1
#define HAVE_SYS_WAIT_H 1
#define HAVE_TEMPNAM 1
#define HAVE_TERM_H 1
#define HAVE_TIME_H 1
#define HAVE_TZSET 1
#define HAVE_UNISTD_H 1
#define HAVE_UNISTD_H 1
#define HAVE_UNISTD_H 1
#define HAVE_UNISTD_H 1
#define HAVE_VFORK 1
#define HAVE_VPRINTF 1
#define HAVE_WAIT3 1
#define HAVE_WAITPID 1
#define HAVE_WATTROFF 1
#define HAVE_WATTRON 1
#define HAVE_WORKING_FORK 1
#define HAVE_WORKING_VFORK 1
#define HAVE_WSTANDEND 1
#define HAVE_WSTANDOUT 1
#define PACKAGE_BUGREPORT ""
#define PACKAGE_NAME ""
#define PACKAGE_STRING ""
#define PACKAGE_TARNAME ""
#define PACKAGE_VERSION ""
#define RETSIGTYPE void
#define STDC_HEADERS 1
#define TIME_WITH_SYS_TIME 1

configure: exit 0
